ARM GAS  /tmp/ccSn7yc7.s 			page 1


   1              		.cpu cortex-m33
   2              		.eabi_attribute 20, 1
   3              		.eabi_attribute 21, 1
   4              		.eabi_attribute 23, 3
   5              		.eabi_attribute 24, 1
   6              		.eabi_attribute 25, 1
   7              		.eabi_attribute 26, 1
   8              		.eabi_attribute 30, 2
   9              		.eabi_attribute 34, 1
  10              		.eabi_attribute 18, 4
  11              		.file	"system_gd32e50x.c"
  12              		.file 1 "/opt/gcc-arm-none-eabi-9-2020-q2-update/arm-none-eabi/include/machine/_default_types.h"
  13              		.file 2 "/opt/gcc-arm-none-eabi-9-2020-q2-update/arm-none-eabi/include/sys/_stdint.h"
  14              		.file 3 ".//os/common/ext/ARM/CMSIS/Core/Include/core_cm33.h"
  15              		.file 4 ".//os/common/startup/ARMCMx/devices/GD32E507/system_gd32e50x.h"
  16              		.file 5 ".//GD32E50x_standard_peripheral/system_gd32e50x.c"
  17              		.section	.gnu.debuglto_.debug_info,"e",%progbits
  18              	.Ldebug_info0:
  19              		.hidden	system_gd32e50x.c.8279cd66
  20              		.weak	system_gd32e50x.c.8279cd66
  21              	system_gd32e50x.c.8279cd66:
  22 0000 EA010000 		.4byte	0x1ea
  23 0004 0400     		.2byte	0x4
  24 0006 00000000 		.4byte	.Ldebug_abbrev0
  25 000a 04       		.byte	0x4
  26 000b 01       		.uleb128 0x1
  27 000c 3F000000 		.4byte	.LASF31
  28 0010 0C       		.byte	0xc
  29 0011 2B010000 		.4byte	.LASF32
  30 0015 0A000000 		.4byte	.LASF33
  31 0019 00000000 		.4byte	.Ldebug_line0
  32 001d 02       		.uleb128 0x2
  33 001e 01       		.byte	0x1
  34 001f 06       		.byte	0x6
  35 0020 AD020000 		.4byte	.LASF0
  36 0024 03       		.uleb128 0x3
  37 0025 00000000 		.4byte	.LASF3
  38 0029 01       		.byte	0x1
  39 002a 2B       		.byte	0x2b
  40 002b 18       		.byte	0x18
  41 002c 30000000 		.4byte	0x30
  42 0030 02       		.uleb128 0x2
  43 0031 01       		.byte	0x1
  44 0032 08       		.byte	0x8
  45 0033 67010000 		.4byte	.LASF1
  46 0037 02       		.uleb128 0x2
  47 0038 02       		.byte	0x2
  48 0039 05       		.byte	0x5
  49 003a 5F020000 		.4byte	.LASF2
  50 003e 03       		.uleb128 0x3
  51 003f BD010000 		.4byte	.LASF4
  52 0043 01       		.byte	0x1
  53 0044 39       		.byte	0x39
  54 0045 19       		.byte	0x19
  55 0046 4A000000 		.4byte	0x4a
  56 004a 02       		.uleb128 0x2
  57 004b 02       		.byte	0x2
ARM GAS  /tmp/ccSn7yc7.s 			page 2


  58 004c 07       		.byte	0x7
  59 004d 87010000 		.4byte	.LASF5
  60 0051 03       		.uleb128 0x3
  61 0052 1A010000 		.4byte	.LASF6
  62 0056 01       		.byte	0x1
  63 0057 4D       		.byte	0x4d
  64 0058 18       		.byte	0x18
  65 0059 5D000000 		.4byte	0x5d
  66 005d 02       		.uleb128 0x2
  67 005e 04       		.byte	0x4
  68 005f 05       		.byte	0x5
  69 0060 9E020000 		.4byte	.LASF7
  70 0064 03       		.uleb128 0x3
  71 0065 9A010000 		.4byte	.LASF8
  72 0069 01       		.byte	0x1
  73 006a 4F       		.byte	0x4f
  74 006b 19       		.byte	0x19
  75 006c 70000000 		.4byte	0x70
  76 0070 02       		.uleb128 0x2
  77 0071 04       		.byte	0x4
  78 0072 07       		.byte	0x7
  79 0073 75010000 		.4byte	.LASF9
  80 0077 02       		.uleb128 0x2
  81 0078 08       		.byte	0x8
  82 0079 05       		.byte	0x5
  83 007a 23020000 		.4byte	.LASF10
  84 007e 02       		.uleb128 0x2
  85 007f 08       		.byte	0x8
  86 0080 07       		.byte	0x7
  87 0081 F1010000 		.4byte	.LASF11
  88 0085 04       		.uleb128 0x4
  89 0086 04       		.byte	0x4
  90 0087 05       		.byte	0x5
  91 0088 696E7400 		.ascii	"int\000"
  92 008c 02       		.uleb128 0x2
  93 008d 04       		.byte	0x4
  94 008e 07       		.byte	0x7
  95 008f E4010000 		.4byte	.LASF12
  96 0093 03       		.uleb128 0x3
  97 0094 08020000 		.4byte	.LASF13
  98 0098 02       		.byte	0x2
  99 0099 18       		.byte	0x18
 100 009a 13       		.byte	0x13
 101 009b 24000000 		.4byte	0x24
 102 009f 03       		.uleb128 0x3
 103 00a0 70020000 		.4byte	.LASF14
 104 00a4 02       		.byte	0x2
 105 00a5 24       		.byte	0x24
 106 00a6 14       		.byte	0x14
 107 00a7 3E000000 		.4byte	0x3e
 108 00ab 03       		.uleb128 0x3
 109 00ac 1B020000 		.4byte	.LASF15
 110 00b0 02       		.byte	0x2
 111 00b1 2C       		.byte	0x2c
 112 00b2 13       		.byte	0x13
 113 00b3 51000000 		.4byte	0x51
 114 00b7 05       		.uleb128 0x5
ARM GAS  /tmp/ccSn7yc7.s 			page 3


 115 00b8 AB000000 		.4byte	0xab
 116 00bc 03       		.uleb128 0x3
 117 00bd 95020000 		.4byte	.LASF16
 118 00c1 02       		.byte	0x2
 119 00c2 30       		.byte	0x30
 120 00c3 14       		.byte	0x14
 121 00c4 64000000 		.4byte	0x64
 122 00c8 05       		.uleb128 0x5
 123 00c9 BC000000 		.4byte	0xbc
 124 00cd 06       		.uleb128 0x6
 125 00ce D7010000 		.4byte	.LASF17
 126 00d2 03       		.byte	0x3
 127 00d3 6D0B     		.2byte	0xb6d
 128 00d5 19       		.byte	0x19
 129 00d6 B7000000 		.4byte	0xb7
 130 00da 07       		.uleb128 0x7
 131 00db 39020000 		.4byte	.LASF18
 132 00df 04       		.byte	0x4
 133 00e0 2E       		.byte	0x2e
 134 00e1 11       		.byte	0x11
 135 00e2 BC000000 		.4byte	0xbc
 136 00e6 08       		.uleb128 0x8
 137 00e7 DA000000 		.4byte	0xda
 138 00eb 05       		.byte	0x5
 139 00ec 6A       		.byte	0x6a
 140 00ed 0A       		.byte	0xa
 141 00ee 09       		.uleb128 0x9
 142 00ef 49020000 		.4byte	.LASF34
 143 00f3 05       		.byte	0x5
 144 00f4 DA03     		.2byte	0x3da
 145 00f6 06       		.byte	0x6
 146 00f7 98010000 		.4byte	0x198
 147 00fb 0A       		.uleb128 0xa
 148 00fc 73777300 		.ascii	"sws\000"
 149 0100 05       		.byte	0x5
 150 0101 DC03     		.2byte	0x3dc
 151 0103 0E       		.byte	0xe
 152 0104 BC000000 		.4byte	0xbc
 153 0108 0B       		.uleb128 0xb
 154 0109 69020000 		.4byte	.LASF19
 155 010d 05       		.byte	0x5
 156 010e DD03     		.2byte	0x3dd
 157 0110 0E       		.byte	0xe
 158 0111 BC000000 		.4byte	0xbc
 159 0115 0B       		.uleb128 0xb
 160 0116 B9020000 		.4byte	.LASF20
 161 011a 05       		.byte	0x5
 162 011b DD03     		.2byte	0x3dd
 163 011d 16       		.byte	0x16
 164 011e BC000000 		.4byte	0xbc
 165 0122 0B       		.uleb128 0xb
 166 0123 35000000 		.4byte	.LASF21
 167 0127 05       		.byte	0x5
 168 0128 DD03     		.2byte	0x3dd
 169 012a 21       		.byte	0x21
 170 012b BC000000 		.4byte	0xbc
 171 012f 0B       		.uleb128 0xb
ARM GAS  /tmp/ccSn7yc7.s 			page 4


 172 0130 A7020000 		.4byte	.LASF22
 173 0134 05       		.byte	0x5
 174 0135 DD03     		.2byte	0x3dd
 175 0137 2C       		.byte	0x2c
 176 0138 BC000000 		.4byte	0xbc
 177 013c 0B       		.uleb128 0xb
 178 013d C8010000 		.4byte	.LASF23
 179 0141 05       		.byte	0x5
 180 0142 DD03     		.2byte	0x3dd
 181 0144 33       		.byte	0x33
 182 0145 BC000000 		.4byte	0xbc
 183 0149 0A       		.uleb128 0xa
 184 014a 69647800 		.ascii	"idx\000"
 185 014e 05       		.byte	0x5
 186 014f DD03     		.2byte	0x3dd
 187 0151 3B       		.byte	0x3b
 188 0152 BC000000 		.4byte	0xbc
 189 0156 0B       		.uleb128 0xb
 190 0157 CF010000 		.4byte	.LASF24
 191 015b 05       		.byte	0x5
 192 015c DD03     		.2byte	0x3dd
 193 015e 40       		.byte	0x40
 194 015f BC000000 		.4byte	0xbc
 195 0163 0B       		.uleb128 0xb
 196 0164 0C010000 		.4byte	.LASF25
 197 0168 05       		.byte	0x5
 198 0169 DF03     		.2byte	0x3df
 199 016b 0E       		.byte	0xe
 200 016c BC000000 		.4byte	0xbc
 201 0170 0B       		.uleb128 0xb
 202 0171 13010000 		.4byte	.LASF26
 203 0175 05       		.byte	0x5
 204 0176 DF03     		.2byte	0x3df
 205 0178 16       		.byte	0x16
 206 0179 BC000000 		.4byte	0xbc
 207 017d 0B       		.uleb128 0xb
 208 017e 24010000 		.4byte	.LASF27
 209 0182 05       		.byte	0x5
 210 0183 DF03     		.2byte	0x3df
 211 0185 1E       		.byte	0x1e
 212 0186 BC000000 		.4byte	0xbc
 213 018a 0B       		.uleb128 0xb
 214 018b 8D020000 		.4byte	.LASF28
 215 018f 05       		.byte	0x5
 216 0190 E303     		.2byte	0x3e3
 217 0192 0D       		.byte	0xd
 218 0193 98010000 		.4byte	0x198
 219 0197 00       		.byte	0
 220 0198 0C       		.uleb128 0xc
 221 0199 93000000 		.4byte	0x93
 222 019d A8010000 		.4byte	0x1a8
 223 01a1 0D       		.uleb128 0xd
 224 01a2 8C000000 		.4byte	0x8c
 225 01a6 0F       		.byte	0xf
 226 01a7 00       		.byte	0
 227 01a8 0E       		.uleb128 0xe
 228 01a9 A5010000 		.4byte	.LASF35
ARM GAS  /tmp/ccSn7yc7.s 			page 5


 229 01ad 05       		.byte	0x5
 230 01ae 7103     		.2byte	0x371
 231 01b0 0D       		.byte	0xd
 232 01b1 D0010000 		.4byte	0x1d0
 233 01b5 0B       		.uleb128 0xb
 234 01b6 31020000 		.4byte	.LASF29
 235 01ba 05       		.byte	0x5
 236 01bb 7303     		.2byte	0x373
 237 01bd 0E       		.byte	0xe
 238 01be BC000000 		.4byte	0xbc
 239 01c2 0B       		.uleb128 0xb
 240 01c3 5D010000 		.4byte	.LASF30
 241 01c7 05       		.byte	0x5
 242 01c8 7403     		.2byte	0x374
 243 01ca 0E       		.byte	0xe
 244 01cb BC000000 		.4byte	0xbc
 245 01cf 00       		.byte	0
 246 01d0 0F       		.uleb128 0xf
 247 01d1 79020000 		.4byte	.LASF36
 248 01d5 05       		.byte	0x5
 249 01d6 A6       		.byte	0xa6
 250 01d7 0D       		.byte	0xd
 251 01d8 10       		.uleb128 0x10
 252 01d9 10020000 		.4byte	.LASF37
 253 01dd 05       		.byte	0x5
 254 01de 77       		.byte	0x77
 255 01df 06       		.byte	0x6
 256 01e0 11       		.uleb128 0x11
 257 01e1 12       		.uleb128 0x12
 258 01e2 6900     		.ascii	"i\000"
 259 01e4 05       		.byte	0x5
 260 01e5 82       		.byte	0x82
 261 01e6 05       		.byte	0x5
 262 01e7 C8000000 		.4byte	0xc8
 263 01eb 00       		.byte	0
 264 01ec 00       		.byte	0
 265 01ed 00       		.byte	0
 266              		.section	.gnu.debuglto_.debug_abbrev,"e",%progbits
 267              	.Ldebug_abbrev0:
 268 0000 01       		.uleb128 0x1
 269 0001 11       		.uleb128 0x11
 270 0002 01       		.byte	0x1
 271 0003 25       		.uleb128 0x25
 272 0004 0E       		.uleb128 0xe
 273 0005 13       		.uleb128 0x13
 274 0006 0B       		.uleb128 0xb
 275 0007 03       		.uleb128 0x3
 276 0008 0E       		.uleb128 0xe
 277 0009 1B       		.uleb128 0x1b
 278 000a 0E       		.uleb128 0xe
 279 000b 10       		.uleb128 0x10
 280 000c 17       		.uleb128 0x17
 281 000d 00       		.byte	0
 282 000e 00       		.byte	0
 283 000f 02       		.uleb128 0x2
 284 0010 24       		.uleb128 0x24
 285 0011 00       		.byte	0
ARM GAS  /tmp/ccSn7yc7.s 			page 6


 286 0012 0B       		.uleb128 0xb
 287 0013 0B       		.uleb128 0xb
 288 0014 3E       		.uleb128 0x3e
 289 0015 0B       		.uleb128 0xb
 290 0016 03       		.uleb128 0x3
 291 0017 0E       		.uleb128 0xe
 292 0018 00       		.byte	0
 293 0019 00       		.byte	0
 294 001a 03       		.uleb128 0x3
 295 001b 16       		.uleb128 0x16
 296 001c 00       		.byte	0
 297 001d 03       		.uleb128 0x3
 298 001e 0E       		.uleb128 0xe
 299 001f 3A       		.uleb128 0x3a
 300 0020 0B       		.uleb128 0xb
 301 0021 3B       		.uleb128 0x3b
 302 0022 0B       		.uleb128 0xb
 303 0023 39       		.uleb128 0x39
 304 0024 0B       		.uleb128 0xb
 305 0025 49       		.uleb128 0x49
 306 0026 13       		.uleb128 0x13
 307 0027 00       		.byte	0
 308 0028 00       		.byte	0
 309 0029 04       		.uleb128 0x4
 310 002a 24       		.uleb128 0x24
 311 002b 00       		.byte	0
 312 002c 0B       		.uleb128 0xb
 313 002d 0B       		.uleb128 0xb
 314 002e 3E       		.uleb128 0x3e
 315 002f 0B       		.uleb128 0xb
 316 0030 03       		.uleb128 0x3
 317 0031 08       		.uleb128 0x8
 318 0032 00       		.byte	0
 319 0033 00       		.byte	0
 320 0034 05       		.uleb128 0x5
 321 0035 35       		.uleb128 0x35
 322 0036 00       		.byte	0
 323 0037 49       		.uleb128 0x49
 324 0038 13       		.uleb128 0x13
 325 0039 00       		.byte	0
 326 003a 00       		.byte	0
 327 003b 06       		.uleb128 0x6
 328 003c 34       		.uleb128 0x34
 329 003d 00       		.byte	0
 330 003e 03       		.uleb128 0x3
 331 003f 0E       		.uleb128 0xe
 332 0040 3A       		.uleb128 0x3a
 333 0041 0B       		.uleb128 0xb
 334 0042 3B       		.uleb128 0x3b
 335 0043 05       		.uleb128 0x5
 336 0044 39       		.uleb128 0x39
 337 0045 0B       		.uleb128 0xb
 338 0046 49       		.uleb128 0x49
 339 0047 13       		.uleb128 0x13
 340 0048 3F       		.uleb128 0x3f
 341 0049 19       		.uleb128 0x19
 342 004a 3C       		.uleb128 0x3c
ARM GAS  /tmp/ccSn7yc7.s 			page 7


 343 004b 19       		.uleb128 0x19
 344 004c 00       		.byte	0
 345 004d 00       		.byte	0
 346 004e 07       		.uleb128 0x7
 347 004f 34       		.uleb128 0x34
 348 0050 00       		.byte	0
 349 0051 03       		.uleb128 0x3
 350 0052 0E       		.uleb128 0xe
 351 0053 3A       		.uleb128 0x3a
 352 0054 0B       		.uleb128 0xb
 353 0055 3B       		.uleb128 0x3b
 354 0056 0B       		.uleb128 0xb
 355 0057 39       		.uleb128 0x39
 356 0058 0B       		.uleb128 0xb
 357 0059 49       		.uleb128 0x49
 358 005a 13       		.uleb128 0x13
 359 005b 3F       		.uleb128 0x3f
 360 005c 19       		.uleb128 0x19
 361 005d 3C       		.uleb128 0x3c
 362 005e 19       		.uleb128 0x19
 363 005f 00       		.byte	0
 364 0060 00       		.byte	0
 365 0061 08       		.uleb128 0x8
 366 0062 34       		.uleb128 0x34
 367 0063 00       		.byte	0
 368 0064 47       		.uleb128 0x47
 369 0065 13       		.uleb128 0x13
 370 0066 3A       		.uleb128 0x3a
 371 0067 0B       		.uleb128 0xb
 372 0068 3B       		.uleb128 0x3b
 373 0069 0B       		.uleb128 0xb
 374 006a 39       		.uleb128 0x39
 375 006b 0B       		.uleb128 0xb
 376 006c 00       		.byte	0
 377 006d 00       		.byte	0
 378 006e 09       		.uleb128 0x9
 379 006f 2E       		.uleb128 0x2e
 380 0070 01       		.byte	0x1
 381 0071 3F       		.uleb128 0x3f
 382 0072 19       		.uleb128 0x19
 383 0073 03       		.uleb128 0x3
 384 0074 0E       		.uleb128 0xe
 385 0075 3A       		.uleb128 0x3a
 386 0076 0B       		.uleb128 0xb
 387 0077 3B       		.uleb128 0x3b
 388 0078 05       		.uleb128 0x5
 389 0079 39       		.uleb128 0x39
 390 007a 0B       		.uleb128 0xb
 391 007b 27       		.uleb128 0x27
 392 007c 19       		.uleb128 0x19
 393 007d 01       		.uleb128 0x1
 394 007e 13       		.uleb128 0x13
 395 007f 00       		.byte	0
 396 0080 00       		.byte	0
 397 0081 0A       		.uleb128 0xa
 398 0082 34       		.uleb128 0x34
 399 0083 00       		.byte	0
ARM GAS  /tmp/ccSn7yc7.s 			page 8


 400 0084 03       		.uleb128 0x3
 401 0085 08       		.uleb128 0x8
 402 0086 3A       		.uleb128 0x3a
 403 0087 0B       		.uleb128 0xb
 404 0088 3B       		.uleb128 0x3b
 405 0089 05       		.uleb128 0x5
 406 008a 39       		.uleb128 0x39
 407 008b 0B       		.uleb128 0xb
 408 008c 49       		.uleb128 0x49
 409 008d 13       		.uleb128 0x13
 410 008e 00       		.byte	0
 411 008f 00       		.byte	0
 412 0090 0B       		.uleb128 0xb
 413 0091 34       		.uleb128 0x34
 414 0092 00       		.byte	0
 415 0093 03       		.uleb128 0x3
 416 0094 0E       		.uleb128 0xe
 417 0095 3A       		.uleb128 0x3a
 418 0096 0B       		.uleb128 0xb
 419 0097 3B       		.uleb128 0x3b
 420 0098 05       		.uleb128 0x5
 421 0099 39       		.uleb128 0x39
 422 009a 0B       		.uleb128 0xb
 423 009b 49       		.uleb128 0x49
 424 009c 13       		.uleb128 0x13
 425 009d 00       		.byte	0
 426 009e 00       		.byte	0
 427 009f 0C       		.uleb128 0xc
 428 00a0 01       		.uleb128 0x1
 429 00a1 01       		.byte	0x1
 430 00a2 49       		.uleb128 0x49
 431 00a3 13       		.uleb128 0x13
 432 00a4 01       		.uleb128 0x1
 433 00a5 13       		.uleb128 0x13
 434 00a6 00       		.byte	0
 435 00a7 00       		.byte	0
 436 00a8 0D       		.uleb128 0xd
 437 00a9 21       		.uleb128 0x21
 438 00aa 00       		.byte	0
 439 00ab 49       		.uleb128 0x49
 440 00ac 13       		.uleb128 0x13
 441 00ad 2F       		.uleb128 0x2f
 442 00ae 0B       		.uleb128 0xb
 443 00af 00       		.byte	0
 444 00b0 00       		.byte	0
 445 00b1 0E       		.uleb128 0xe
 446 00b2 2E       		.uleb128 0x2e
 447 00b3 01       		.byte	0x1
 448 00b4 03       		.uleb128 0x3
 449 00b5 0E       		.uleb128 0xe
 450 00b6 3A       		.uleb128 0x3a
 451 00b7 0B       		.uleb128 0xb
 452 00b8 3B       		.uleb128 0x3b
 453 00b9 05       		.uleb128 0x5
 454 00ba 39       		.uleb128 0x39
 455 00bb 0B       		.uleb128 0xb
 456 00bc 27       		.uleb128 0x27
ARM GAS  /tmp/ccSn7yc7.s 			page 9


 457 00bd 19       		.uleb128 0x19
 458 00be 01       		.uleb128 0x1
 459 00bf 13       		.uleb128 0x13
 460 00c0 00       		.byte	0
 461 00c1 00       		.byte	0
 462 00c2 0F       		.uleb128 0xf
 463 00c3 2E       		.uleb128 0x2e
 464 00c4 00       		.byte	0
 465 00c5 03       		.uleb128 0x3
 466 00c6 0E       		.uleb128 0xe
 467 00c7 3A       		.uleb128 0x3a
 468 00c8 0B       		.uleb128 0xb
 469 00c9 3B       		.uleb128 0x3b
 470 00ca 0B       		.uleb128 0xb
 471 00cb 39       		.uleb128 0x39
 472 00cc 0B       		.uleb128 0xb
 473 00cd 27       		.uleb128 0x27
 474 00ce 19       		.uleb128 0x19
 475 00cf 00       		.byte	0
 476 00d0 00       		.byte	0
 477 00d1 10       		.uleb128 0x10
 478 00d2 2E       		.uleb128 0x2e
 479 00d3 01       		.byte	0x1
 480 00d4 3F       		.uleb128 0x3f
 481 00d5 19       		.uleb128 0x19
 482 00d6 03       		.uleb128 0x3
 483 00d7 0E       		.uleb128 0xe
 484 00d8 3A       		.uleb128 0x3a
 485 00d9 0B       		.uleb128 0xb
 486 00da 3B       		.uleb128 0x3b
 487 00db 0B       		.uleb128 0xb
 488 00dc 39       		.uleb128 0x39
 489 00dd 0B       		.uleb128 0xb
 490 00de 27       		.uleb128 0x27
 491 00df 19       		.uleb128 0x19
 492 00e0 00       		.byte	0
 493 00e1 00       		.byte	0
 494 00e2 11       		.uleb128 0x11
 495 00e3 0B       		.uleb128 0xb
 496 00e4 01       		.byte	0x1
 497 00e5 00       		.byte	0
 498 00e6 00       		.byte	0
 499 00e7 12       		.uleb128 0x12
 500 00e8 34       		.uleb128 0x34
 501 00e9 00       		.byte	0
 502 00ea 03       		.uleb128 0x3
 503 00eb 08       		.uleb128 0x8
 504 00ec 3A       		.uleb128 0x3a
 505 00ed 0B       		.uleb128 0xb
 506 00ee 3B       		.uleb128 0x3b
 507 00ef 0B       		.uleb128 0xb
 508 00f0 39       		.uleb128 0x39
 509 00f1 0B       		.uleb128 0xb
 510 00f2 49       		.uleb128 0x49
 511 00f3 13       		.uleb128 0x13
 512 00f4 00       		.byte	0
 513 00f5 00       		.byte	0
ARM GAS  /tmp/ccSn7yc7.s 			page 10


 514 00f6 00       		.byte	0
 515              		.section	.gnu.debuglto_.debug_line,"e",%progbits
 516              	.Ldebug_line0:
 517 0000 6B010000 		.4byte	.LELT0-.LSLT0
 518              	.LSLT0:
 519 0004 0400     		.2byte	0x4
 520 0006 65010000 		.4byte	.LELTP0-.LASLTP0
 521              	.LASLTP0:
 522 000a 01       		.byte	0x1
 523 000b 01       		.byte	0x1
 524 000c 01       		.byte	0x1
 525 000d F6       		.byte	0xf6
 526 000e F2       		.byte	0xf2
 527 000f 0D       		.byte	0xd
 528 0010 00       		.byte	0
 529 0011 01       		.byte	0x1
 530 0012 01       		.byte	0x1
 531 0013 01       		.byte	0x1
 532 0014 01       		.byte	0x1
 533 0015 00       		.byte	0
 534 0016 00       		.byte	0
 535 0017 00       		.byte	0
 536 0018 01       		.byte	0x1
 537 0019 00       		.byte	0
 538 001a 00       		.byte	0
 539 001b 01       		.byte	0x1
 540 001c 2F474433 		.ascii	"/GD32E50x_standard_peripheral"
 540      32453530 
 540      785F7374 
 540      616E6461 
 540      72645F70 
 541 0039 00       		.byte	0
 542 003a 2F6F7074 		.ascii	"/opt/gcc-arm-none-eabi-9-2020-q2-update/arm-none-ea"
 542      2F676363 
 542      2D61726D 
 542      2D6E6F6E 
 542      652D6561 
 543 006d 62692F69 		.ascii	"bi/include/machine"
 543      6E636C75 
 543      64652F6D 
 543      61636869 
 543      6E65
 544 007f 00       		.byte	0
 545 0080 2F6F7074 		.ascii	"/opt/gcc-arm-none-eabi-9-2020-q2-update/arm-none-ea"
 545      2F676363 
 545      2D61726D 
 545      2D6E6F6E 
 545      652D6561 
 546 00b3 62692F69 		.ascii	"bi/include/sys"
 546      6E636C75 
 546      64652F73 
 546      7973
 547 00c1 00       		.byte	0
 548 00c2 2F6F732F 		.ascii	"/os/common/ext/ARM/CMSIS/Core/Include"
 548      636F6D6D 
 548      6F6E2F65 
 548      78742F41 
ARM GAS  /tmp/ccSn7yc7.s 			page 11


 548      524D2F43 
 549 00e7 00       		.byte	0
 550 00e8 2F6F732F 		.ascii	"/os/common/startup/ARMCMx/devices/GD32E507"
 550      636F6D6D 
 550      6F6E2F73 
 550      74617274 
 550      75702F41 
 551 0112 00       		.byte	0
 552 0113 00       		.byte	0
 553 0114 5F646566 		.ascii	"_default_types.h\000"
 553      61756C74 
 553      5F747970 
 553      65732E68 
 553      00
 554 0125 02       		.uleb128 0x2
 555 0126 00       		.uleb128 0
 556 0127 00       		.uleb128 0
 557 0128 5F737464 		.ascii	"_stdint.h\000"
 557      696E742E 
 557      6800
 558 0132 03       		.uleb128 0x3
 559 0133 00       		.uleb128 0
 560 0134 00       		.uleb128 0
 561 0135 636F7265 		.ascii	"core_cm33.h\000"
 561      5F636D33 
 561      332E6800 
 562 0141 04       		.uleb128 0x4
 563 0142 00       		.uleb128 0
 564 0143 00       		.uleb128 0
 565 0144 73797374 		.ascii	"system_gd32e50x.h\000"
 565      656D5F67 
 565      64333265 
 565      3530782E 
 565      6800
 566 0156 05       		.uleb128 0x5
 567 0157 00       		.uleb128 0
 568 0158 00       		.uleb128 0
 569 0159 73797374 		.ascii	"system_gd32e50x.c\000"
 569      656D5F67 
 569      64333265 
 569      3530782E 
 569      6300
 570 016b 01       		.uleb128 0x1
 571 016c 00       		.uleb128 0
 572 016d 00       		.uleb128 0
 573 016e 00       		.byte	0
 574              	.LELTP0:
 575              	.LELT0:
 576              		.section	.gnu.debuglto_.debug_str,"eMS",%progbits,1
 577              	.LASF3:
 578 0000 5F5F7569 		.ascii	"__uint8_t\000"
 578      6E74385F 
 578      7400
 579              	.LASF33:
 580 000a 2F686F6D 		.ascii	"/home/cang/04stm32/11arm_code/gd32e5_chibi\000"
 580      652F6361 
 580      6E672F30 
ARM GAS  /tmp/ccSn7yc7.s 			page 12


 580      3473746D 
 580      33322F31 
 581              	.LASF21:
 582 0035 70726564 		.ascii	"predv0sel\000"
 582      76307365 
 582      6C00
 583              	.LASF31:
 584 003f 474E5520 		.ascii	"GNU C17 9.3.1 20200408 (release) -mcpu=cortex-m33 -"
 584      43313720 
 584      392E332E 
 584      31203230 
 584      32303034 
 585 0072 6D746875 		.ascii	"mthumb -mfloat-abi=soft -march=armv8-m.main+dsp -gg"
 585      6D62202D 
 585      6D666C6F 
 585      61742D61 
 585      62693D73 
 586 00a5 6462202D 		.ascii	"db -O2 -fomit-frame-pointer -falign-functions=16 -f"
 586      4F32202D 
 586      666F6D69 
 586      742D6672 
 586      616D652D 
 587 00d8 66756E63 		.ascii	"function-sections -fdata-sections -fno-common -flto"
 587      74696F6E 
 587      2D736563 
 587      74696F6E 
 587      73202D66 
 588 010b 00       		.ascii	"\000"
 589              	.LASF25:
 590 010c 70726564 		.ascii	"predv0\000"
 590      763000
 591              	.LASF26:
 592 0113 70726564 		.ascii	"predv1\000"
 592      763100
 593              	.LASF6:
 594 011a 5F5F696E 		.ascii	"__int32_t\000"
 594      7433325F 
 594      7400
 595              	.LASF27:
 596 0124 706C6C31 		.ascii	"pll1mf\000"
 596      6D6600
 597              	.LASF32:
 598 012b 2E2F2F47 		.ascii	".//GD32E50x_standard_peripheral/system_gd32e50x.c\000"
 598      44333245 
 598      3530785F 
 598      7374616E 
 598      64617264 
 599              	.LASF30:
 600 015d 73746162 		.ascii	"stab_flag\000"
 600      5F666C61 
 600      6700
 601              	.LASF1:
 602 0167 756E7369 		.ascii	"unsigned char\000"
 602      676E6564 
 602      20636861 
 602      7200
 603              	.LASF9:
ARM GAS  /tmp/ccSn7yc7.s 			page 13


 604 0175 6C6F6E67 		.ascii	"long unsigned int\000"
 604      20756E73 
 604      69676E65 
 604      6420696E 
 604      7400
 605              	.LASF5:
 606 0187 73686F72 		.ascii	"short unsigned int\000"
 606      7420756E 
 606      7369676E 
 606      65642069 
 606      6E7400
 607              	.LASF8:
 608 019a 5F5F7569 		.ascii	"__uint32_t\000"
 608      6E743332 
 608      5F7400
 609              	.LASF35:
 610 01a5 73797374 		.ascii	"system_clock_180m_hxtal\000"
 610      656D5F63 
 610      6C6F636B 
 610      5F313830 
 610      6D5F6878 
 611              	.LASF4:
 612 01bd 5F5F7569 		.ascii	"__uint16_t\000"
 612      6E743136 
 612      5F7400
 613              	.LASF23:
 614 01c8 636B5F73 		.ascii	"ck_src\000"
 614      726300
 615              	.LASF24:
 616 01cf 636C6B5F 		.ascii	"clk_exp\000"
 616      65787000 
 617              	.LASF17:
 618 01d7 49544D5F 		.ascii	"ITM_RxBuffer\000"
 618      52784275 
 618      66666572 
 618      00
 619              	.LASF12:
 620 01e4 756E7369 		.ascii	"unsigned int\000"
 620      676E6564 
 620      20696E74 
 620      00
 621              	.LASF11:
 622 01f1 6C6F6E67 		.ascii	"long long unsigned int\000"
 622      206C6F6E 
 622      6720756E 
 622      7369676E 
 622      65642069 
 623              	.LASF13:
 624 0208 75696E74 		.ascii	"uint8_t\000"
 624      385F7400 
 625              	.LASF37:
 626 0210 53797374 		.ascii	"SystemInit\000"
 626      656D496E 
 626      697400
 627              	.LASF15:
 628 021b 696E7433 		.ascii	"int32_t\000"
 628      325F7400 
ARM GAS  /tmp/ccSn7yc7.s 			page 14


 629              	.LASF10:
 630 0223 6C6F6E67 		.ascii	"long long int\000"
 630      206C6F6E 
 630      6720696E 
 630      7400
 631              	.LASF29:
 632 0231 74696D65 		.ascii	"timeout\000"
 632      6F757400 
 633              	.LASF18:
 634 0239 53797374 		.ascii	"SystemCoreClock\000"
 634      656D436F 
 634      7265436C 
 634      6F636B00 
 635              	.LASF34:
 636 0249 53797374 		.ascii	"SystemCoreClockUpdate\000"
 636      656D436F 
 636      7265436C 
 636      6F636B55 
 636      70646174 
 637              	.LASF2:
 638 025f 73686F72 		.ascii	"short int\000"
 638      7420696E 
 638      7400
 639              	.LASF19:
 640 0269 706C6C73 		.ascii	"pllsel\000"
 640      656C00
 641              	.LASF14:
 642 0270 75696E74 		.ascii	"uint16_t\000"
 642      31365F74 
 642      00
 643              	.LASF36:
 644 0279 73797374 		.ascii	"system_clock_config\000"
 644      656D5F63 
 644      6C6F636B 
 644      5F636F6E 
 644      66696700 
 645              	.LASF28:
 646 028d 6168625F 		.ascii	"ahb_exp\000"
 646      65787000 
 647              	.LASF16:
 648 0295 75696E74 		.ascii	"uint32_t\000"
 648      33325F74 
 648      00
 649              	.LASF7:
 650 029e 6C6F6E67 		.ascii	"long int\000"
 650      20696E74 
 650      00
 651              	.LASF22:
 652 02a7 706C6C6D 		.ascii	"pllmf\000"
 652      6600
 653              	.LASF0:
 654 02ad 7369676E 		.ascii	"signed char\000"
 654      65642063 
 654      68617200 
 655              	.LASF20:
 656 02b9 706C6C70 		.ascii	"pllpresel\000"
 656      72657365 
ARM GAS  /tmp/ccSn7yc7.s 			page 15


 656      6C00
 657              		.text
 658              		.section	.gnu.lto_.profile.59b78eef671de5b6,"e",%progbits
 659 0000 789CE360 		.ascii	"x\234\343``\004B \000\000\000]\000\013"
 659      60044220 
 659      0000005D 
 659      000B
 660              		.text
 661              		.section	.gnu.lto_.icf.59b78eef671de5b6,"e",%progbits
 662 0000 789CE360 		.ascii	"x\234\343``d\220d@\000\026\206\211oZn31>Y\261\343+\033"
 662      60649064 
 662      40001686 
 662      896F5A6E 
 662      33313E59 
 663 0018 5377E3A6 		.ascii	"Sw\343\246\013\354\314\377\333/\2072\000\000\227\212"
 663      0BECCCFF 
 663      DB2F8732 
 663      0000978A 
 664 0028 0B8D     		.ascii	"\013\215"
 665              		.text
 666              		.section	.gnu.lto_.jmpfuncs.59b78eef671de5b6,"e",%progbits
 667 0000 789CE360 		.ascii	"x\234\343``d\010f@\000f fd``a\232\316\314\330\332\327"
 667      60640866 
 667      40006620 
 667      66646060 
 667      619ACECC 
 668 0017 719CB98F 		.ascii	"q\234\271\217y>3\003cCC\303\001\006\306]\214\322\014"
 668      793E3303 
 668      634343C3 
 668      0106C65D 
 668      8CD20C
 669 002a 8C075820 		.ascii	"\214\007X < \315\300\000Rv\374\375\333+\214\020e\014"
 669      3C20CDC0 
 669      005276FC 
 669      FDDB2B8C 
 669      10650C
 670 003d 8CBBA14A 		.ascii	"\214\273\241J \322\014L@\014\000a\003\023+"
 670      20D20C4C 
 670      400C0061 
 670      03132B
 671              		.text
 672              		.section	.gnu.lto_.inline.59b78eef671de5b6,"e",%progbits
 673 0000 789CE360 		.ascii	"x\234\343``d\250e@\000f\006\206\213\014\313\226^8\316"
 673      6064A865 
 673      40006606 
 673      868B0CCB 
 673      965E38CE 
 674 0014 9CC5C8C0 		.ascii	"\234\305\310\3004\207\021\310<\312\234\305\300\300\326"
 674      348711C8 
 674      3CCA9CC5 
 674      C0C0D6
 675 0023 00044CC9 		.ascii	"\000\004L\311L\014L U\214,z\027\326}\371\302\004R\343"
 675      4C0C4C20 
 675      558C2C7A 
 675      17D67DF9 
 675      C20452E3 
 676 0037 776EDD97 		.ascii	"wn\335\227#L %\235 %)P%\314<@\002\310b\344\002\361\230"
ARM GAS  /tmp/ccSn7yc7.s 			page 16


 676      234C2025 
 676      9D202529 
 676      5025CC3C 
 676      4002C862 
 677 004f 042E32FC 		.ascii	"\004.2\374Y\261\343\015s:\330T \363\014s:\314T\230\026"
 677      59B1E30D 
 677      733AD854 
 677      20F30C73 
 677      3ACC5498 
 678 0064 0600E03A 		.ascii	"\006\000\340: \310"
 678      20C8
 679              		.text
 680              		.section	.gnu.lto_.pureconst.59b78eef671de5b6,"e",%progbits
 681 0000 789CE360 		.ascii	"x\234\343``d\340b```f\230\305\3028\213\205i\026\013"
 681      6064E062 
 681      60606066 
 681      98C5C238 
 681      8B856916 
 682 0015 000A9E01 		.ascii	"\000\012\236\001\364"
 682      F4
 683              		.text
 684              		.section	.gnu.lto_system_clock_180m_hxtal.59b78eef671de5b6,"e",%progbits
 685 0000 789C9557 		.ascii	"x\234\225WkPTe\030>\3579g\357W\3567E\274\240\240x-\273"
 685      6B505465 
 685      183EEF39 
 685      67EF57EE 
 685      3745BCA0 
 686 0018 4CCD1833 		.ascii	"L\315\03035\375\356w?\034R\272\314d5J3\325\237\016\027"
 686      35FDEE77 
 686      3F1C52BA 
 686      CC64354A 
 686      33D59F0E 
 687 002d EFB66463 		.ascii	"\357\266dcP)\002Y!Z9NV*!+\210\266\026X\204\022\204\253"
 687      50290259 
 687      215A394E 
 687      562A212B 
 687      88B61658 
 688 0045 549068B8 		.ascii	"T\220h\270\225\\\004\221\355{\277\357;g\217\313\316"
 688      955C0491 
 688      ED7BBFEF 
 688      3B678FCB 
 688      CE
 689 0056 29F6C7B3 		.ascii	")\366\307\263\337\236\357\275<\357\363~\227\263V\001"
 689      DF9EEFBD 
 689      3CEFF37E 
 689      97B35601 
 690 0066 84CA3841 		.ascii	"\204\3128AxF\020\204C \010\220.\200\250(\312c\226b\253"
 690      78461084 
 690      43200890 
 690      2E80A828 
 690      CA639662 
 691 007b 08121F49 		.ascii	"\010\022\037I\242\\\177\274\361QY\261\233\272\3165K"
 691      A25C7FBC 
 691      F15159B1 
 691      9BBACE35 
 691      4B
 692 008c B2E294C5 		.ascii	"\262\342\224\305\264\352\035\237\257\301'}#O\221\007"
ARM GAS  /tmp/ccSn7yc7.s 			page 17


 692      B4EA1D9F 
 692      AFC1277D 
 692      234F9107 
 693 009c 69DC38DF 		.ascii	"i\3348\337$\306\223A\026\231\261\260og<\230\351\024"
 693      24C69341 
 693      1699B1B0 
 693      6F673C98 
 693      E914
 694 00ae 98218107 		.ascii	"\230!\201\007L\340\217\362-`\345\217\254bj\307_\023"
 694      4CE08FF2 
 694      2D60E58F 
 694      AC626AC7 
 694      5F13
 695 00c0 0F113FDB 		.ascii	"\017\021?\333\347\345\233-\304/\225\317\345\333\300"
 695      E7E59B2D 
 695      C42F95CF 
 695      E5DBC0
 696 00cf CE8DEC62 		.ascii	"\316\215\354b\0127rp\243\024>\227\357\000'7r\212\311"
 696      0A377270 
 696      A3143E97 
 696      EF002737 
 696      728AC9
 697 00e2 DCC8C58D 		.ascii	"\334\310\305\215\222\371\\\276\013\334\334\310-&q#\017"
 697      92F95CBE 
 697      0BDCDCC8 
 697      2D267123 
 697      0F
 698 00f3 374AE273 		.ascii	"7J\342s\371\036\360r#\257\230\310\215\342\270Q\"\237"
 698      F91EF072 
 698      23AF98C8 
 698      8DE2B851 
 698      229F
 699 0105 CB8F03A0 		.ascii	"\313\217\003\240\003\305\012\302\233\242$\247\231\342"
 699      03C50AC2 
 699      9BA224A7 
 699      99E2
 700 0113 CD09166B 		.ascii	"\315\011\026k\252\315\236\342p&\273\334I\036ob\034\274"
 700      AACD9EE2 
 700      7026BBDC 
 700      491E6F62 
 700      1CBC
 701 0125 699504F0 		.ascii	"i\225\004\360\3130\025\226\370\227\300>VA\373\330#C"
 701      CB301596 
 701      F897C03E 
 701      5641FBD8 
 701      2343
 702 0137 6764E88E 		.ascii	"gd\350\216\014\275\221\24192,\227*%h\336:pB\314\255"
 702      0CBD91A1 
 702      39322C97 
 702      2A2568DE 
 702      3A7042CC 
 703 014c 234C147F 		.ascii	"#L\024\177e\307\203?\226*;VT\223\034\357\253y\0048\011"
 703      65C7833F 
 703      962A3B56 
 703      54931CEF 
 703      AB790438 
 704 0161 B982404C 		.ascii	"\271\202@L\203%U\267\235>\251Z\002\220\311\317=\347"
ARM GAS  /tmp/ccSn7yc7.s 			page 18


 704      832555B7 
 704      9D3EA95A 
 704      0290C9CF 
 704      3DE7
 705 0173 8F05ECF8 		.ascii	"\217\005\354\370S\204,\362\263{\340\275[\016i5\240e"
 705      53842CF2 
 705      B37BE0BD 
 705      5B0E6935 
 705      A065
 706 0185 6BFB8E76 		.ascii	"k\373\216v1\373\200\242\224(\376\201\240\264\377\230"
 706      31FB80A2 
 706      9428FE81 
 706      A0B4FF98 
 707 0195 A26C7FAC 		.ascii	"\242l\177\254Z\222\240\021$\022\030\276\201\014h\200"
 707      5A92A011 
 707      241218BE 
 707      810C6880 
 708 01a5 0C8CBEA6 		.ascii	"\014\214\276\246YB\217^\337\236~\267\3644\365\016\236"
 708      59428F5E 
 708      DF9E7EB7 
 708      F434F50E 
 708      9E
 709 01b6 BC70DDC5 		.ascii	"\274p\335\305\275{\202\322\007\212\277,\013\235\233"
 709      BD7B82D2 
 709      078ABF2C 
 709      0B9D9B
 710 01c5 A63B7F49 		.ascii	"\246;\177I\235\177=:\365\256\313,\203\037\262\341\024"
 710      9D7F3D3A 
 710      F5AECB2C 
 710      831FB2E1 
 710      14
 711 01d6 6473EE70 		.ascii	"ds\356p\032\314dm\012\242\372\374H\207\311\257L\205"
 711      1ACC646D 
 711      0AA2FAFC 
 711      4887C9AF 
 711      4C85
 712 01e8 B72AFE4B 		.ascii	"\267*\376KA\330\335\3319'\037\204jI\026\021$\004\031"
 712      41D8DDD9 
 712      39271F84 
 712      6A491611 
 712      240419
 713 01fb C1846046 		.ascii	"\301\204`F\260 X\021l\010v\004\007\202\023\301\205\340"
 713      B0205811 
 713      6C087604 
 713      078213C1 
 713      85E0
 714 020d 46F02078 		.ascii	"F\360 x\021\342\020\342\021\022\020\022\021\222\020"
 714      11E210E2 
 714      11121012 
 714      119210
 715 021c 92115210 		.ascii	"\222\021R\020R\021\322\020\322\0212\020f!\314F\310D"
 715      5211D210 
 715      D2113210 
 715      6621CC46 
 715      C844
 716 022e 98839085 		.ascii	"\230\203\220\2050\027a\036\302|\204\005\010\331\010"
 716      3017611E 
ARM GAS  /tmp/ccSn7yc7.s 			page 19


 716      C27C8405 
 716      08D908
 717 023d 0B111621 		.ascii	"\013\021\026!\344 \344\",FX\202\220\207\260T\300\272"
 717      E420E422 
 717      2C465882 
 717      9087B054 
 717      C0BA
 718 024f 57505C29 		.ascii	"WP\\)P]\204\235\222\320\373\226\013\024\277 \354\222"
 718      505D849D 
 718      92D0FB96 
 718      0B14BF20 
 718      EC92
 719 0261 441C1693 		.ascii	"D\034\026\223\341\000(\037\036\011=E\365\032\200\222"
 719      E100281F 
 719      1E093D45 
 719      F51A8092 
 720 0271 9A377084 		.ascii	"\2327p\204nDZ_i(h\305&K @3Q\035\215\277\230fL\242k\263"
 720      6E445A5F 
 720      692868C5 
 720      264B2040 
 720      33511D8D 
 721 028c 4D7CF63A 		.ascii	"M|\366:4W\354\354\226p\\%\201>\226\211\266y\242\242"
 721      3457ECEC 
 721      96705C25 
 721      813E9689 
 721      B679A2A2 
 722 02a0 B4D5C37E 		.ascii	"\264\325\303~*5\333\024\\R#mM\007\341c8P\\V\254\220"
 722      2A35DB14 
 722      5C52236D 
 722      4D07E163 
 722      38505C56 
 723 02b6 969BE10C 		.ascii	"\226\233\341\014\351u\013\366\032Z\311s\022\262\364"
 723      E9750BF6 
 723      1A5AC973 
 723      12B2F4
 724 02c5 9DADC022 		.ascii	"\235\255\300\"\212,\350\273\203\373\033\315\030E&\273"
 724      8A2CE8BB 
 724      83FB1BCD 
 724      184526BB 
 725 02d5 4986B3C4 		.ascii	"I\206\263\304\230$\016\356\240V\306!\317\221\347$\216"
 725      98240EEE 
 725      A056C621 
 725      CF91E724 
 725      8E
 726 02e6 806248F5 		.ascii	"\200bH\365G\276\003TC\034\000\221jV%-\245\345\334\320"
 726      47BE0354 
 726      431C0091 
 726      6A56252D 
 726      A5E5DCD0 
 727 02fa 8A553E0C 		.ascii	"\212U>\014\205vK\274\266\322}[\266\233\030\223\025\304"
 727      85764BBC 
 727      B6D27D5B 
 727      B69B1893 
 727      15C4
 728 030c 9464FA6A 		.ascii	"\224d\372j\373P\275\215I\005\360-\025\243$K\225\222"
 728      FB50BD8D 
 728      4905F02D 
ARM GAS  /tmp/ccSn7yc7.s 			page 20


 728      15A3244B 
 728      9592
 729 031e 58D108B7 		.ascii	"X\321\010\267\"\021\210:\203<\202dL4\300k\257\330z\202"
 729      2211883A 
 729      833C8264 
 729      4C34C06B 
 729      AFD87A82 
 730 0332 3BAC643E 		.ascii	";\254d>\345__<nW\213\267\302y}\322S\230t%M:\026:\312"
 730      E55F5F3C 
 730      6E578BB7 
 730      C2797DD2 
 730      53987425 
 731 034b 92F643D9 		.ascii	"\222\366C\331\225\226<\036\2026\214|Fa)\016\305\211"
 731      95963C1E 
 731      82368C7C 
 731      4661290E 
 731      C589
 732 035d 095F26A1 		.ascii	"\011_&\241\23161\345\313!\212\310m\225~\252\010\020"
 732      993631E5 
 732      CB218AC8 
 732      6D957EAA 
 732      0810
 733 036f AF6B2D37 		.ascii	"\257k-7\257\264xx\271$q\337'\327\357g\245\206\311\271"
 733      AFB47878 
 733      B92471DF 
 733      27D7EF67 
 733      A586C9B9 
 734 0383 F41D0B44 		.ascii	"\364\035\013D\226WZ[\355)R=q7\351W\327\201a\335\222"
 734      96575A5B 
 734      ED29523D 
 734      7137E957 
 734      D78161DD 
 735 0398 18E74BE2 		.ascii	"\030\347K\342?\032\376\275V\3648/\332D|h\215\264\214"
 735      3F1AFEBD 
 735      56F4382F 
 735      DA447C68 
 735      8DB48C
 736 03ab 47F94312 		.ascii	"G\371C\022\345\\h\250\023\230\014\002\264id\342o\236"
 736      E55C68A8 
 736      13980C02 
 736      B46964E2 
 736      6F9E
 737 03bd 35532E78 		.ascii	"5S.xS\220\265\201\265 \233\272a\336\003\374Q?\014\332"
 737      5390B581 
 737      B5209BBA 
 737      61DE03FC 
 737      513F0CDA 
 738 03d1 B86EB88F 		.ascii	"\270n\270\217M\240w\002sB\177\013\006Rk\371:V-\270\322"
 738      4DA07702 
 738      73427F0B 
 738      06526BF9 
 738      3A562DB8 
 739 03e6 7E0BB4D6 		.ascii	"~\013\264\326Z\370z\366\263\365<\324\264\267\313\241"
 739      5AF87AF6 
 739      B3F53CD4 
 739      B4B7CBA1 
 740 03f6 2FAF5D2B 		.ascii	"/\257]+\357\202V\236\272\010,,L\357\205\317\252\034"
ARM GAS  /tmp/ccSn7yc7.s 			page 21


 740      EF82569E 
 740      BA082C2C 
 740      4CEF85CF 
 740      AA1C
 741 0408 AC98DBE1 		.ascii	"\254\230\333\341p\330\003?\320%M\026\376\373\016fh%"
 741      70D8033F 
 741      D0254D16 
 741      FEFB0E66 
 741      6825
 742 041a B6FAE358 		.ascii	"\266\372\343X\006\031~T\327}@\342\013_\237\273&\371"
 742      06197E54 
 742      D77D40E2 
 742      0B5F9FBB 
 742      26F9
 743 042c DEE41D74 		.ascii	"\336\344\035t\345[i=\215\\\000Z\217\272\244m$\300\344"
 743      E55B693D 
 743      8D5C005A 
 743      8FBAA46D 
 743      24C0E4
 744 043f CE5B7779 		.ascii	"\316[wy=\373\370\376\374]9?!\353\353\371I\013\331\031"
 744      3DFBF8FE 
 744      FC5D393F 
 744      21EBEBF9 
 744      490BD919 
 745 0453 BD3FED2C 		.ascii	"\275?\355,\312\320\2563=\016u\211*\012\300\305\350\035"
 745      CAD0AE33 
 745      3D0E7589 
 745      2A0AC0C5 
 745      E81D
 746 0465 6A10F412 		.ascii	"j\020\364\022\345ig{O\257\373 \327\335A\374\003\355"
 746      E569677B 
 746      4FAFFB20 
 746      D7DD41FC 
 746      03ED
 747 0477 B57B81F1 		.ascii	"\265{\201\361,\343</\356i\034\266\351Cvi!\177f<u\371"
 747      2CE33C2F 
 747      EE691CB6 
 747      E9437669 
 747      217F663C 
 748 048d 0D8CBB69 		.ascii	"\015\214\273i~\007\333D\261\362;\215\375{f\222\354\027"
 748      7E07DB44 
 748      B1F23B8D 
 748      FD7B6692 
 748      EC17
 749 049f 9ACC4993 		.ascii	"\232\314I\223\205c%s\031\373\367Fw\300\315\\j>\3559"
 749      85632573 
 749      19FBF746 
 749      77C0CD5C 
 749      6A3EED39 
 750 04b3 AF1E1256 		.ascii	"\257\036\022V\270\034-\277A\304 e\344f\007\327H\014"
 750      B81C2DBF 
 750      41C42065 
 750      E46607D7 
 750      480C
 751 04c5 461E63FF 		.ascii	"F\036c\377+\332\032\347\214\274\314\345\316\351K\025"
 751      2BDA1AE7 
 751      8CBCCCE5 
ARM GAS  /tmp/ccSn7yc7.s 			page 22


 751      CEE94B15 
 752 04d5 FCCC0E87 		.ascii	"\374\314\016\207\313\247lpu\006\244\372()/\353I,Rq\306"
 752      CBA76C70 
 752      7506A4FA 
 752      28292FEB 
 752      492C5271 
 753 04ea FEBF46CB 		.ascii	"\376\277F\313\024\317\\\216\226\377\344\327.\2223\305"
 753      14CF5C8E 
 753      96FFE4D7 
 753      2E9233C5 
 754 04fa 32FC3603 		.ascii	"2\3746\003R\277SR\361\354\260\033\215A*\001\017\210"
 754      52BF5352 
 754      F1ECB01B 
 754      8D412A01 
 754      0F88
 755 050c FEE3396C 		.ascii	"\376\3439l\235~\312\327i\353\301\340A\267>b\277\026"
 755      9D7ECAD7 
 755      69EBC1E0 
 755      41B73E62 
 755      BF16
 756 051e 71205ABB 		.ascii	"q Z\273D\026d\274\245\277\331\315i^\275\023v\300\037"
 756      441664BC 
 756      A5BFD9CD 
 756      695EBD13 
 756      76C01F
 757 0531 D1340D82 		.ascii	"\3214\015\202^\2434\023\331a\027\213f\222\261\377`\264"
 757      5EA33413 
 757      D961178B 
 757      6692B1FF 
 757      60B4
 758 0543 76C9CCC5 		.ascii	"v\311\314\305\277;\344\343\007p`\227\014\327g@\351\006"
 758      BF3BE4E3 
 758      07706097 
 758      0CD76740 
 758      E906
 759 0555 A594CCDE 		.ascii	"\245\224\314\336+Fc\2749\244\030_\023\177FSJe.c}g\013"
 759      2B4663BC 
 759      39A4185F 
 759      137F4653 
 759      4A652E63 
 760 056c B463270B 		.ascii	"\264c'\013\206f\360^p\223RJ\245\224\0328%|G\260\206"
 760      8666F05E 
 760      7093524A 
 760      A5941A38 
 760      257C47B0 
 761 0581 038F6897 		.ascii	"\003\217h\227H\343h\344\336h\030\255\325]\352\001N<"
 761      48E368E4 
 761      DE6818AD 
 761      D55DEA01 
 761      4E3C
 762 0593 CD384B48 		.ascii	"\3158KHkp\200\037\272\351\314g\263o\3339I\243N\322\375"
 762      6B70801F 
 762      BAE9CC67 
 762      B36FDB39 
 762      49A34ED2 
 763 05a8 A55E799D 		.ascii	"\245^y\235\274\304t\335%\227\272\273t5\275\244l\372"
 763      BCC474DD 
ARM GAS  /tmp/ccSn7yc7.s 			page 23


 763      2597BABB 
 763      7435BDA4 
 763      6CFA
 764 05ba 4BEAC658 		.ascii	"K\352\306X\014%3\214\011\375\035\255\344,\346\342;\334"
 764      0C25338C 
 764      09FD1DAD 
 764      E42CE6E2 
 764      3BDC
 765 05cc D5AEBD64 		.ascii	"\325\256\275d\220\023\344\237\031Hy\213J9\213m\326\261"
 765      9013E49F 
 765      1948798B 
 765      4A398B6D 
 765      D6B1
 766 05de 889476BD 		.ascii	"\210\224v\275\224\343c\021)\307\306\364R\326sef\033"
 766      94E36311 
 766      29C7C6F4 
 766      52D67365 
 766      661B
 767 05f0 6719D6A4 		.ascii	"g\031\326\244\254\2670\207L\346\323\360\326\360\267"
 767      ACB73087 
 767      4CE6D3F0 
 767      D6F0B7
 768 05ff 11EA5E18 		.ascii	"\021\352^\030\211V2S\247d\212\252\244C\257d\335d\214"
 768      89563253 
 768      A7648AAA 
 768      A443AF64 
 768      DD648C
 769 0612 6D3287C4 		.ascii	"m2\207\304\3367\330zZ\342\327\375\325b\272\235k\267"
 769      DE37D87A 
 769      5AE2D7FD 
 769      D562BA9D 
 769      6BB7
 770 0624 053FB2EB 		.ascii	"\005?\262\353)\216j\024\307\242\305\315\"Q\246\277\255"
 770      298E6A14 
 770      C7A2C5CD 
 770      2251A6BF 
 770      AD
 771 0635 1A44B84D 		.ascii	"\032D\270M\245\314\242\244\016OF\244t\352\245\374l2"
 771      A5CCA2A4 
 771      0E4F46A4 
 771      74EAA5FC 
 771      6C32
 772 0647 22E5E1C9 		.ascii	"\"\345\341\311XR\316\305\277j\333\016_\266\363\033\223"
 772      5852CEC5 
 772      BF6ADB0E 
 772      5FB6F31B 
 772      93
 773 0658 539FDC3F 		.ascii	"S\237\334?\332-\352\023\217k\211'\246\251;\217\204\241"
 773      DA2DEA13 
 773      8F6B8927 
 773      A6A93B8F 
 773      84A1
 774 066a DCEFD172 		.ascii	"\334\357\321r\236N\313dUK\227^\313\206XZ\3167.\373N"
 774      9E4ECB64 
 774      554B975E 
 774      CB86585A 
 774      CE372EFB 
ARM GAS  /tmp/ccSn7yc7.s 			page 24


 775 067f B4700B88 		.ascii	"\264p\013\210\013}\013\374\277\302MR\341\026\260\377"
 775      0B7D0BFC 
 775      BFC24D52 
 775      E116B0FF 
 776 068f 263AE1DC 		.ascii	"&:\341\334z\341\372t\3025\305\024.\333X\245\273\323"
 776      7AE1FA74 
 776      C235C514 
 776      2EDB58A5 
 776      BBD3
 777 06a1 545A487C 		.ascii	"TZH|\"\257\253\252J\013u*%\251*y\364*\205b\251\264\310"
 777      22AFABAA 
 777      4A0B752A 
 777      25A92A79 
 777      F42A8562 
 778 06b8 F8FE998A 		.ascii	"\370\376\231\212\276-r\230K\345\370\241\026\023\333"
 778      BE2D7298 
 778      4BE5F8A1 
 778      1613DB
 779 06c7 0093F465 		.ascii	"\000\223\364e2<\203KM\021Q\270\034v\375\307\"\225k\354"
 779      323C834B 
 779      4D1151B8 
 779      1C76FDC7 
 779      22956BEC 
 780 06db 5F2C46B5 		.ascii	"_,F\265n1s\331\322\372v\203\213\221\022\241D\374\377"
 780      6E3173D9 
 780      D2FA7683 
 780      8B9112A1 
 780      44FCFF
 781 06ee 844A29A1 		.ascii	"\204J)\241\305\354\015I\327I\257\276\223\265w#\235\014"
 781      C5EC0D49 
 781      D749AFBE 
 781      93B57723 
 781      9D0C
 782 0700 DFD3C900 		.ascii	"\337\323\311\000o\314\022\343,e\242\252e\267\2159\344"
 782      6FCC12E3 
 782      2C65A2AA 
 782      65B78D39 
 782      E4
 783 0711 319FFA11 		.ascii	"1\237\372\021\337^~\2328a\263H\033{Mkl\036\261h\012"
 783      DF5E7E9A 
 783      3861B348 
 783      1B7B4D6B 
 783      6C1EB168 
 784 0726 5734C9CC 		.ascii	"W4\311\314\302\012[D\265\317\211j\237\343\324>\337$"
 784      C20A5B44 
 784      B5CF896A 
 784      9FE3D43E 
 784      DF24
 785 0738 FF9CEBEE 		.ascii	"\377\234\353\356\306\361\012\320\006p\012\377\230\013"
 785      C6F10AD0 
 785      06700AFF 
 785      980B
 786 0746 C2AA65CB 		.ascii	"\302\252e\313\227?\371\370}\253\236X\275\342\265\265"
 786      973FF9F8 
 786      7DAB9E58 
 786      BDE2B5B5 
 787 0756 9B8A0A5E 		.ascii	"\233\212\012^Z_\260q\375\332W\0127\276\360\312\363\205"
ARM GAS  /tmp/ccSn7yc7.s 			page 25


 787      5A5FB071 
 787      FDDA570A 
 787      37BEF0CA 
 787      F385
 788 0768 1B0B5E5C 		.ascii	"\033\013^\\\276\351\365ME\205\033\326>\267\376\276U"
 788      BEE9F54D 
 788      45851BD6 
 788      3EB7FEBE 
 788      55
 789 0779 85C466D9 		.ascii	"\205\304f\331:\301F\314\236Y\373\354\213\005\317eL\233"
 789      3AC146CC 
 789      9E59FBEC 
 789      8B05CF65 
 789      4C9B
 790 078b 5CF6D0AA 		.ascii	"\\\366\320\252\007\037^\267\376\201\007\004K\321\013"
 790      071F5EB7 
 790      FE810704 
 790      4BD10B
 791 079a 1B0A5F7E 		.ascii	"\033\012_~\265\350_A3(L"
 791      B5E85F41 
 791      33284C
 792              		.text
 793              		.section	.gnu.lto_SystemInit.59b78eef671de5b6,"e",%progbits
 794 0000 789C9556 		.ascii	"x\234\225V\335O\\E\024\237s\347\356\336{w\227\205RP"
 794      DD4F5C45 
 794      149F73E7 
 794      EEDE7B77 
 794      97855250 
 795 0014 23A91213 		.ascii	"#\251\022\023\242}\001C\323\202o\0325\276\373\017\020"
 795      A27D0143 
 795      D3826F1A 
 795      35BEFB0F 
 795      10
 796 0025 52883651 		.ascii	"R\2106QC\240\017\372\324\013\273|\324\022@\303Gh\213"
 796      43A00FFA 
 796      D40BBB7C 
 796      D41240C3 
 796      47688B
 797 0038 0B12E262 		.ascii	"\013\022\342b\255M\0235U,, _\245\255\025i\261\245n?"
 797      AD4D1335 
 797      552C2C20 
 797      5FA5AD15 
 797      69B1A56E 
 798 004d B0AD6D8A 		.ascii	"\260\255m\212[PSKk\327sf\206\335\005\326M \341\344\334"
 798      5B50534B 
 798      6BD77366 
 798      86DD05D6 
 798      4D20E1E4 
 799 0062 99737EF3 		.ascii	"\231s~\363\233\33793\263&\003Va1\366&c\354\004\376\203"
 799      9BDF3933 
 799      B3260356 
 799      6131F626 
 799      63EC04FE 
 800 0077 878166DB 		.ascii	"\207\201f\333\366\313F\265\251\001W\036\327\3343\367"
 800      F6CB46B5 
 800      A901571E 
 800      D7DC33F7 
ARM GAS  /tmp/ccSn7yc7.s 			page 26


 801 0087 568A75DB 		.ascii	"V\212u\333\245\177\331\\k\350\266\307\255\346^\321\301"
 801      A57FD95C 
 801      6BE8B6C7 
 801      ADE65ED1 
 801      C1
 802 0098 A9821CCA 		.ascii	"\251\202\034\312\0336\235\232C\205\033*\334\000KE\231"
 802      1B369D9A 
 802      43851B2A 
 802      DC004B45 
 802      99
 803 00a9 CA1B362D 		.ascii	"\312\0336-\315TQ.\025\345\002\020s\266\011l\237\306"
 803      CD54512E 
 803      15E50210 
 803      73B6096C 
 803      9FC6
 804 00bb DDBAC369 		.ascii	"\335\272\303i\230\226\013\366\351\234\305\376\234q\327"
 804      98960BF6 
 804      E99CC5FE 
 804      9C71D7
 805 00ca 8ABBCDBC 		.ascii	"\212\273\315\274\203\303H\375\315o\265\355\237!\206"
 805      83C348FD 
 805      CD6FB5ED 
 805      9F2186
 806 00d9 1DEA081B 		.ascii	"\035\352\010\033uv\355S\001\314\354\214e\303w\260\235"
 806      7576ED53 
 806      01CCEC8C 
 806      65C377B0 
 806      9D
 807 00ea 318CBC7E 		.ascii	"1\214\274~\374q[\232SWS0\000N\300\321pM\327?\236&\036"
 807      FC715B9A 
 807      53575330 
 807      004EC0D1 
 807      704DD73F 
 808 0101 E0003A7E 		.ascii	"\340\000:~\266\236\372j\312E\237\032\344\342g\337\364"
 808      B69EFA6A 
 808      CA459F1A 
 808      E4E267DF 
 808      F4
 809 0112 E8A097EF 		.ascii	"\350\240\227\357\004\312?x\347\317Y\236\327k\373}v\350"
 809      04CA3F78 
 809      E7CF599E 
 809      D76BFB7D 
 809      76E8
 810 0124 42D075D0 		.ascii	"B\320u\320\016\371s\003\234\303 p\204\204\223\220\003"
 810      0EF97303 
 810      9CC32070 
 810      84849390 
 810      03
 811 0135 DF430E61 		.ascii	"\337C\016a\027]\343\011\013\302\020\344\211\345X\321"
 811      175DE309 
 811      0BC210E4 
 811      89E558D1 
 812 0145 558C0BE1 		.ascii	"U\214\013\341\272\270<\215\036\233q\204\354\307\321"
 812      BAB83C8D 
 812      1E9B7184 
 812      ECC7D1
 813 0154 7A3B34FE 		.ascii	"z;4\376l\317\203\354\347\201\005\270\256\221\341dt2"
ARM GAS  /tmp/ccSn7yc7.s 			page 27


 813      6CCF83EC 
 813      E78105B8 
 813      AE91E164 
 813      7432
 814 0166 0E324E32 		.ascii	"\0162N2\006\031\223\214E\306E\306M\306C&\215\214\227"
 814      0619938C 
 814      45C645C6 
 814      4DC64326 
 814      8D8C97
 815 0179 4C3A990C 		.ascii	"L:\231\0142[\310d\222\331J&\213\014c\0078\213\254\004"
 815      325BC864 
 815      92D94A26 
 815      8B0C6307 
 815      388BAC04 
 816 018d 8BC10E31 		.ascii	"\213\301\0161\326\3105\341\373\320\277\011\366\247\321"
 816      D6C835E1 
 816      FBD0BF09 
 816      F6A7D1
 817 019c 6687607A 		.ascii	"f\207`z\007F\332\017\\\344\344wq\222\251\311\027\011"
 817      0746DA0F 
 817      5CE4E477 
 817      7192A9C9 
 817      1709
 818 01ae 9BA48B43 		.ascii	"\233\244\213Ch\261\322\356\033K\227\237vw\203M\312\375"
 818      68B1D2EE 
 818      1B4B979F 
 818      7677834D 
 818      CAFD
 819 01c0 7D662808 		.ascii	"}f(\010}\320[\355\257\266\205.#(\3100\011\002\2438\216"
 819      7DD05BED 
 819      AFB6852E 
 819      2328C830 
 819      0902A338 
 820 01d5 90BE8FEB 		.ascii	"\220\276\217\353A\"j\022t\260\361\3344'\024\035\000"
 820      41226A12 
 820      74B0F1DC 
 820      3427141D 
 820      00
 821 01e6 7EC0505C 		.ascii	"~\300P\\6\374\241\210I\0158\206\343\210\"(\367\266J"
 821      36FCA188 
 821      490D3886 
 821      E3882228 
 821      F7B64A
 822 01f9 CAB4197E 		.ascii	"\312\264\031~?\032\215r\332\015\320T_\226\230\221QO"
 822      3F1A8D72 
 822      DA0DD054 
 822      5F969891 
 822      514F
 823 020b C737D6EF 		.ascii	"\3077\326\357\2204x\352U\306\025\355\366\372~C&\350"
 823      903478EA 
 823      55C615ED 
 823      F6FA7E43 
 823      26E8
 824 021d 32A76EAC 		.ascii	"2\247n\254e M\362\326`\002co\200\377\312\350\254\332"
 824      65204DF2 
 824      D6600263 
 824      6F80FFCA 
ARM GAS  /tmp/ccSn7yc7.s 			page 28


 824      E8ACDA
 825 0230 1C893111 		.ascii	"\034\2111\021Y\234\005\031\301`Rv\005\012\357\256\253"
 825      599C0519 
 825      C1605276 
 825      050AEFAE 
 825      AB
 826 0241 9D9BC04E 		.ascii	"\235\233\300NC\252\372\252\356\202\351\021\265\011\364"
 826      43AAFAAA 
 826      EE82E911 
 826      B509F4
 827 0250 9FA30E49 		.ascii	"\237\243\016I\342\010\346@n\027w\340\022Sg{\016\201"
 827      E208E640 
 827      6E1777E0 
 827      1253677B 
 827      0E81
 828 0262 2C815F95 		.ascii	",\201_\225\340|\353\311\277\254\304\275L\305\366r*\241"
 828      E07CEBC9 
 828      BFACC4BD 
 828      4CC5F672 
 828      2AA1
 829 0274 040242A1 		.ascii	"\004\002B\241\034\215\336:\224.\211\332\000\323\361"
 829      1C8DDE3A 
 829      942E89DA 
 829      00D3F1
 830 0283 1A84440D 		.ascii	"\032\204D\015R \236\0265XKp\331\024\355\215\255\235"
 830      52209E16 
 830      35584B70 
 830      D914ED8D 
 830      AD9D
 831 0295 D8321C35 		.ascii	"\3302\03458#4h\344\216\375B\001\334\267#\371\026-I\317"
 831      38233468 
 831      E48EFD42 
 831      01DCB723 
 831      F9162D49 
 832 02aa 10A70609 		.ascii	"\020\247\006\011\037\256S\204M\034D\324o\366/\366[\022"
 832      1FAE5384 
 832      4D1C44D4 
 832      6FF62FF6 
 832      5B12
 833 02bc 15E0EC1A 		.ascii	"\025\340\354\032\276\224\202qb\035\347\312j'\360d\360"
 833      BE948271 
 833      621DE7CA 
 833      6A27F064 
 833      F0
 834 02cd 9680C7B2 		.ascii	"\226\200\307\262]~U\015 \364\277\223G.\271$t\024\340"
 834      5D7E550D 
 834      20F4BF93 
 834      472EB924 
 834      7414E0
 835 02e0 4755B546 		.ascii	"GU\265Fn\334S\245r&-\206+\265N\347\326+\357\226)_\177"
 835      6EDC53A5 
 835      72262D86 
 835      2BB54EE7 
 835      D62BEF96 
 836 02f7 D233AE9A 		.ascii	"\3223\256\232\250\005\340\247M(?#\224w\377\217\3621"
 836      A805E0A7 
 836      4D283F23 
ARM GAS  /tmp/ccSn7yc7.s 			page 29


 836      9477FF8F 
 836      F231
 837 0309 A9CD9655 		.ascii	"\251\315\226U\251\255\224R{6H\235F\203\311\264M\023"
 837      A9AD9452 
 837      7B36489D 
 837      4683C9B4 
 837      4D13
 838 031b C07499DB 		.ascii	"\300t\231\333:\001\033\311\360\274\353\265\365&h\351"
 838      3A011BC9 
 838      F0BCEBB5 
 838      F52668E9 
 839 032b 5A525ABA 		.ascii	"ZRZ\272D\352\352\361<\232\025?\235\267\325\265\223\236"
 839      44EAEAF1 
 839      3C9A153F 
 839      9DB7D5B5 
 839      939E
 840 033d 5A859F63 		.ascii	"Z\205\237c\247S\235\273\014\231\322\361\340\363Q\207"
 840      A7539DBB 
 840      0C99D2F1 
 840      E0F35187 
 841 034d D4F511F6 		.ascii	"\324\365\021\366@:\314\256\277XR\200\236\027\322f\010"
 841      403ACCAE 
 841      BF585280 
 841      9E17D266 
 841      08
 842 035e 4E91D624 		.ascii	"N\221\326$w\341\226\324W\306\205\365\2442e\312\342\355"
 842      77E196D4 
 842      57C685F5 
 842      A43265CA 
 842      E2ED
 843 0370 FE79751F 		.ascii	"\376yu\037D\243\363s^\230\333\304m\367\213 \225)H\335"
 843      44A3F373 
 843      5E98DBC4 
 843      6DF78B20 
 843      952948DD 
 844 0384 8F935A9E 		.ascii	"\217\223Z\236\334\246r\207\027~o\364\310\253\240A]\005"
 844      DCA67287 
 844      177E6FF4 
 844      C8ABA041 
 844      5D05
 845 0396 1FF5465A 		.ascii	"\037\365FZ\270\202\353~\202\360.\306\360.!\036\206\034"
 845      B882EB7E 
 845      82F02EC6 
 845      F02E211E 
 845      861C
 846 03a8 EB5E7EA8 		.ascii	"\353^~\250\332\335\266\037\0310\217\223\342\326\314"
 846      DADDB61F 
 846      19308F93 
 846      E2D6CC
 847 03b7 8EAFF04C 		.ascii	"\216\257\360L\022\311$\\\\\263\313\010'\232\216\222"
 847      12C9245C 
 847      5CB3CB08 
 847      279A8E92 
 848 03c7 FB93242F 		.ascii	"\373\223$/\3348\361\202d\367\205b7\026\014\007\275k"
 848      DC38F182 
 848      64F78562 
 848      37160C07 
ARM GAS  /tmp/ccSn7yc7.s 			page 30


 848      BD6B
 849 03d9 E07E8DC1 		.ascii	"\340~\215\301\205\023\341\216go,\301\326\324j]Y_\202"
 849      8513E18E 
 849      676F2CC1 
 849      D6D46A5D 
 849      595F82
 850 03ec 2C997278 		.ascii	",\231rx\311\316[\255@\004\333\342\352&*pMT KP\032j\213"
 850      C9CE5BAD 
 850      4004DBE2 
 850      EA262A70 
 850      4D54204B 
 851 0404 5DD5BD03 		.ascii	"]\325\275\003\355\333b\357\274\237NE7\316\212\267\276"
 851      EDDB62EF 
 851      BC9F4E45 
 851      37CE8AB7 
 851      BE
 852 0415 93D3237F 		.ascii	"\223\323#\177]\265\367\322\223k~\177\000,\320\203\225"
 852      5DB5F7D2 
 852      936B7E7F 
 852      002CD083 
 852      95
 853 0426 30469172 		.ascii	"0F\221r\020~C{\027|\271\302\301\220\256\340\351\250"
 853      107E437B 
 853      177CB9C2 
 853      C190AEE0 
 853      E9A8
 854 0438 E5879A6A 		.ascii	"\345\207\232j3\300\021V\023\240\200\307\213~-\030\022"
 854      33C01156 
 854      13A080C7 
 854      8B7E2D18 
 854      12
 855 0449 5EAA7417 		.ascii	"^\252t\027js\205\263.\313\354\344\370\223\007\337\031"
 855      6A7385B3 
 855      2ECBECE4 
 855      F89307DF 
 855      19
 856 045a BF78BB6B 		.ascii	"\277x\273k\233\032&\324\253K?\232\030\334\302}\342\033"
 856      9B1A26D4 
 856      AB4B3F9A 
 856      18DCC27D 
 856      E21B
 857 046c 15E016FB 		.ascii	"\025\340\026\373\003j\272\037\266\201zP\351\311\002"
 857      036ABA1F 
 857      B6817A50 
 857      E9C902
 858 047b 71606B42 		.ascii	"q`kB\364U\230_P\360\306k;\012_\337\371\342\373%U{K\337"
 858      F455985F 
 858      50F0C66B 
 858      3B0A5FDF 
 858      F9E2FB25 
 859 0493 2B2BAD2C 		.ascii	"++\255,+\251(\257\334S\361vye\351;\005U\037T\355-\177"
 859      2BA928AF 
 859      DC53F176 
 859      7965E93B 
 859      05551F54 
 860 04aa B7E4ADB2 		.ascii	"\267\344\255\262\035\205\345\030\223\277\233\301\236"
 860      1D85E518 
ARM GAS  /tmp/ccSn7yc7.s 			page 31


 860      93BF9BC1 
 860      9E
 861 04b7 9C0D83F9 		.ascii	"\234\015\203\371\305\205E/\355.\333\265\213\375\007"
 861      C585452F 
 861      ED2EDBB5 
 861      8BFD07
 862 04c6 07582EFD 		.ascii	"\007X.\375"
 863              		.text
 864              		.section	.gnu.lto_SystemCoreClockUpdate.59b78eef671de5b6,"e",%progbits
 865 0000 789C9D58 		.ascii	"x\234\235XkP\024W\026\356\323=\357a\030\336\230\020"
 865      6B501457 
 865      16EED33D 
 865      EF6118DE 
 865      9810
 866 0012 15A35689 		.ascii	"\025\243V\211((JVKw7?vk\177'\377\266*U\256+\344Q\321"
 866      28284A56 
 866      4B77373F 
 866      766B7F27 
 866      FFB62A55 
 867 002b 9425A9AC 		.ascii	"\224%\251\254\273\177\322 \362RQq\000\321\020#\250\230"
 867      BB7FD220 
 867      F2525171 
 867      00D11023 
 867      A898
 868 003d 98445D59 		.ascii	"\230D]YH\202\012\013\310\303\007\342\373\021\202A\""
 868      48820A0B 
 868      C8C307E2 
 868      FB118241 
 868      22
 869 004e 0F513088 		.ascii	"\017Q0\210\017\3441{\316\275\267{f\030\212uw\252\372"
 869      0FE4317B 
 869      CEBDB77B 
 869      66188A75 
 869      77AAFA
 870 0061 F4EDBEE7 		.ascii	"\364\355\276\347;\367;\347\236{\356\355\261H \255\013"
 870      3BF73BE7 
 870      9E7BEEED 
 870      B14820AD 
 870      0B
 871 0072 97A40A49 		.ascii	"\227\244\012I\222\336\001I\202i\022\310\252\252\276"
 871      92DE0149 
 871      826912C8 
 871      AAAABE
 872 0081 694EB5C8 		.ascii	"iN\265\310\206\010l\005\231T\213\"\356\006q7j\357!R"
 872      86086C05 
 872      99548B22 
 872      EE067137 
 872      6AEF2152 
 873 0095 E81AF496 		.ascii	"\350\032\364\226Q6a+\332\240\332\034\374\036`\222-\342"
 873      5136612B 
 873      DAA0DA1C 
 873      FC1E6092 
 873      2DE2
 874 00a7 8D59BC31 		.ascii	"\215Y\2741\203Eh[d\253\350\013\020}V\331\366\240\264"
 874      8345685B 
 874      64ABE80B 
 874      107D56D9 
ARM GAS  /tmp/ccSn7yc7.s 			page 32


 874      F6A0B4
 875 00ba 231CDFD8 		.ascii	"#\034\337\330]m\237\317\30776\260\013m;\004\210V\000"
 875      5D6D9FCF 
 875      C73736B0 
 875      0B6D3B04 
 875      885600
 876 00cd 3844CB21 		.ascii	"8D\313!\007\012\013Na!\020\234\242\317)\007\211\276"
 876      070A0B4E 
 876      6121109C 
 876      A2CF2907 
 876      89BE
 877 00df 60D11704 		.ascii	"`\321\027\004\301\242/X\016\021}\241\242/\004\302D_"
 877      C1A22F58 
 877      0E117DA1 
 877      A22F04C2 
 877      445F
 878 00f1 A8DE0A93 		.ascii	"\250\336\012\223\303\005\233H\301&\\\3674BoE\002\260"
 878      C3059B48 
 878      C1265CF7 
 878      34426F45 
 878      02B0
 879 0103 966A01E9 		.ascii	"\226j\001\351SY1\030Mf\213\325f\017p\004:\203\202CB"
 879      53593118 
 879      4D668BD5 
 879      660F7004 
 879      3A838243 
 880 0118 C3C22322 		.ascii	"\303\302#\"\341S\330\256\024*P\233\331\365\275\034S"
 880      E153D8AE 
 880      142A509B 
 880      D9F5BD1C 
 880      53
 881 0129 86EA6A4D 		.ascii	"\206\352jM\341\320\357:\324VU\331\247HR\021^\374\007"
 881      E1D0EF3A 
 881      D45655D9 
 881      A7485211 
 881      5EFC07
 882 013c 3F408C24 		.ascii	"?@\214$\241\352\376k\255i\220\213\275\000A\370\370\215"
 882      A1EAFE6B 
 882      AD69908B 
 882      BD0041F8 
 882      F88D
 883 014e BB7BAF93 		.ascii	"\273{\257\223\036eP\001\237\017\357)\2550(\211@\252"
 883      1E655001 
 883      9F0FEF29 
 883      AD302889 
 883      40AA
 884 0160 7DF9C747 		.ascii	"}\371\307G\003\347\2262\253\355\243Jq\232\252f\277\271"
 884      03E79632 
 884      ABEDA34A 
 884      719AAA66 
 884      BFB9
 885 0172 4F51E014 		.ascii	"OQ\340\024(h\031NB\024TA\024\231\377m\216B\210\366\264"
 885      2868194E 
 885      42145441 
 885      1499FF6D 
 885      8E4288F6 
 886 0187 E2E701DC 		.ascii	"\342\347\001\334\270\001\037]g\313\233m\334x4>v\267"
ARM GAS  /tmp/ccSn7yc7.s 			page 33


 886      B8011F5D 
 886      67CB9B6D 
 886      DC78343E 
 886      76B7
 887 0199 0E9E3228 		.ascii	"\016\2362(\177f\266\007\032\333/8\311v\232Z3>\242\234"
 887      7F66B607 
 887      1ADB2F38 
 887      C9769A5A 
 887      333EA29C 
 888 01ad 2EE7B60D 		.ascii	".\347\266\015\360on\273\006mW\013\333c2!jF+\223\224"
 888      F06F6EBB 
 888      066D570B 
 888      DB633221 
 888      6A462B93 
 889 01c2 BF30F0B3 		.ascii	"\2770\360\263\2162\227A\200\207J\024\365\200*\023\264"
 889      8E329741 
 889      80874A14 
 889      F5802A13 
 889      B4
 890 01d3 CE1FFA88 		.ascii	"\316\037\372\210A\177zZ\356r*\3571lZ\306\305\223&\015"
 890      417F7A5A 
 890      EE722AEF 
 890      316C5AC6 
 890      C593260D 
 891 01e7 BB5FC79E 		.ascii	"\273_\307\236\361\307v2l}O\316\011\263\362\021\303\366"
 891      F1C77632 
 891      6C7D4FCE 
 891      09B3F211 
 891      C3F6
 892 01f9 1E3FA01A 		.ascii	"\036?\240\032\005\266\177D\311\252\313Pw\244Z\010\336"
 892      05B67F44 
 892      C9AACB50 
 892      77A45A08 
 892      DE
 893 020a E80FBFCE 		.ascii	"\350\017\277\316\340\003\367\357\017\032\224O\030\374"
 893      E003F7EF 
 893      0F1A944F 
 893      18FC
 894 0218 D6C53DB5 		.ascii	"\326\305=\265\026\001o+\323\207n\366\30763lc\361\365"
 894      16016F2B 
 894      D3876EF6 
 894      C736336C 
 894      63F1F5
 895 022b 16A3F20F 		.ascii	"\026\243\362\017\206\255;\331rRs\271\355\220\216=\347"
 895      86AD3BD9 
 895      725273B9 
 895      ED908E3D 
 895      E7
 896 023c 8F3DC9B0 		.ascii	"\217=\311\260y7\207;\234J*0pgQ\316\\\201\375\345\240"
 896      7937873B 
 896      9C4A2A30 
 896      706751CE 
 896      5C81FDE5 
 897 0251 8EBDE08F 		.ascii	"\216\275\340\217=\312\260\273\213\177*1)\231\034[\267"
 897      3DCAB0BB 
 897      8B7F2A31 
 897      29991C5B 
ARM GAS  /tmp/ccSn7yc7.s 			page 34


 897      B7
 898 0262 2B7BD826 		.ascii	"+{\330&\300\347\017\350\340\213\376\340\022\006\036"
 898      C0E70FE8 
 898      E08BFEE0 
 898      12061E
 899 0271 6BFAB639 		.ascii	"k\372\2669P\331\311\301\373\216\326wZ\374'\352\222?"
 899      50D9C9C1 
 899      FB8ED677 
 899      5AFC27EA 
 899      923F
 900 0283 389F7B7C 		.ascii	"8\237{|\243\356\246Y\331\313\301w\037\024'\372O\324"
 900      A3EEA659 
 900      D9CBC177 
 900      1F1427FA 
 900      4FD4
 901 0295 157F6C16 		.ascii	"\025\177l\026\303^h~0jSJ8\366y\316\346l\215\365\335"
 901      C35E687E 
 901      306A534A 
 901      38F679CE 
 901      E66C8DF5 
 902 02aa 11658F5A 		.ascii	"\021e\217Z\223\036M\350k\376\350\021>\330\361\361|\207"
 902      931E4DE8 
 902      6BFEE811 
 902      3ED8F1F1 
 902      7C87
 903 02bc C900D761 		.ascii	"\311\000\327a.\\\305\3532^\255x\265\340u\036\257\263"
 903      2E5CC5EB 
 903      325EAD78 
 903      B5E0751E 
 903      AFB3
 904 02ce 7835E1D5 		.ascii	"x5\341\325\200W=^\265x\235\206\271b\205\301\0150a\315"
 904      80573D5E 
 904      B5789D86 
 904      B96285C1 
 904      0D3061CD 
 905 02e2 9302FE57 		.ascii	"\223\002\376W\374\321\313\306\032u\334\235\211\013l"
 905      FCD1CBC6 
 905      1A75DC9D 
 905      890B6C
 906 02f1 0476BA46 		.ascii	"\004v\272F\347\375\036\244}\212Q&\241\2200\2200\222"
 906      E7FD1EA4 
 906      7D8A5126 
 906      A1903090 
 906      3092
 907 0303 30913093 		.ascii	"0\2210\223\260\220\260\222\260\221\260\223\010 \341"
 907      B090B092 
 907      B091B093 
 907      0820E1
 908 0312 201148C2 		.ascii	" \021H\302I\"\210D0\211\020\022\241$\302H\204\223\210"
 908      49228844 
 908      30891012 
 908      A124C248 
 908      849388
 909 0325 20114962 		.ascii	" \021Ib\032\211WH\274J\"\012\205\3515jM'1C\"'f2\031"
 909      1A895748 
 909      BC4A220A 
 909      85E9356A 
ARM GAS  /tmp/ccSn7yc7.s 			page 35


 909      4D273143 
 910 033e CDE42C89 		.ascii	"\315\344,\211\\z\235\311\331L\316\221\310\241y\022\271"
 910      5C7A9DC9 
 910      D94CCE91 
 910      C8A17912 
 910      B9
 911 034f 1F235100 		.ascii	"\037#Q\000\346K\024\202X\211\202\260@\"\227\0272\235"
 911      E64B1482 
 911      588982B0 
 911      40229717 
 911      329D
 912 0361 38A61F2F 		.ascii	"8\246\037/Q \026\261\366bf3\201\311%L.e2\221\311\025"
 912      512016B1 
 912      F6626633 
 912      81C9254C 
 912      2E653291 
 913 0377 12856EA5 		.ascii	"\022\205n\245D\301\223\244-\212D\325\310\000j\215$m"
 913      44C193A4 
 913      2D8A44D5 
 913      C8006A8D 
 913      246D
 914 0389 5564FE90 		.ascii	"Ud\376\220\212\017]\240\226<\036{\213M\004\265\237\214"
 914      8A0F5DA0 
 914      963C1E7B 
 914      8B4D04B5 
 914      9F8C
 915 039b 81DE1EF3 		.ascii	"\201\336\036\363j\1773\316\333\367!m\274i:5i\0320\001"
 915      6A7F33CE 
 915      DBF7216D 
 915      BC693A35 
 915      691A3001 
 916 03af 1E3D4E3D 		.ascii	"\036=N=n\231u\010\366\251\270\2401En\302,\006\250\034"
 916      6E997508 
 916      F6A9B8A0 
 916      31456EC2 
 916      2C06A81C 
 917 03c3 7F4B006A 		.ascii	"\177K\000j\013\266|\257P\273X\241J\231\273i\240\335"
 917      0BB67CAF 
 917      50BB58A1 
 917      4A99BB69 
 917      A0DD
 918 03d5 42C5CDCC 		.ascii	"B\305\315\314\022\250\271e\377^\340\217\351_d\251T\376"
 918      12A8B965 
 918      FF5EE08F 
 918      E95F64A9 
 918      54FE
 919 03e7 AEB94E0D 		.ascii	"\256\271N\015Y\017Bijz\252\212\331g\201\333\230v\267"
 919      590F4269 
 919      6A7AAA8A 
 919      D96781DB 
 919      9876B7
 920 03fa 28EDE047 		.ascii	"(\355\340G8\010hr\323h\006p\21327\232qfG\225\203\254"
 920      38086872 
 920      D3680670 
 920      8B32379A 
 920      71664795 
 921 0410 58418636 		.ascii	"XA\2066TE\235\202\314\"1\354<\324\243\022v\355\353\312"
ARM GAS  /tmp/ccSn7yc7.s 			page 36


 921      54459D82 
 921      CC2231EC 
 921      3CD4A312 
 921      76EDEBCA 
 922 0424 40523202 		.ascii	"@R2\002\3266T\352\202\264h\346\012\206\037\265\030\357"
 922      D63654EA 
 922      82B468E6 
 922      0A861FB5 
 922      18EF
 923 0436 2AC1BB17 		.ascii	"*\301\273\0276G\0134B+\016^\031v\314\336\217aK\255y"
 923      36470B34 
 923      422B0E5E 
 923      1976CCDE 
 923      8F614BAD 
 924 044b B1CDA81E 		.ascii	"\261\315\250\036\266\370n\023\250R]\336\367\263\261"
 924      B6F86E13 
 924      A8525DDE 
 924      F7B3B1
 925 045a 10F253D3 		.ascii	"\020\362S\323UbM\331\335\016\263\351v\007\012\211\343"
 925      55624DD9 
 925      DD0EB3E9 
 925      76070A89 
 925      E3
 926 046b B92DC5FD 		.ascii	"\271-\305\375VfC\255\251\035S&\263\241\307\306\300b"
 926      566643AD 
 926      A91D5326 
 926      B3A1C7C6 
 926      C062
 927 047d 537D7C5B 		.ascii	"S}|[\235\267I\350@\322\3603\267z\227[\355\357\314\315"
 927      9DB749E8 
 927      40D2F033 
 927      B77A975B 
 927      EDEFCCCD 
 928 0491 5704B3BB 		.ascii	"W\004\263\273\223[\255\310~\370\245\225[%DK[K\213\217"
 928      935BADC8 
 928      7EF8A595 
 928      5B25444B 
 928      5B4B8B8F 
 929 04a5 D55FC86A 		.ascii	"\325_\310j'\267z\217[-/+\376\227EX\255\035\237\324\352"
 929      27B77A8F 
 929      5B2D2F2B 
 929      FE974558 
 929      AD1D9FD4 
 930 04ba C12D253C 		.ascii	"\301-%<\344\006\240\340>\037*y\307\333h7\031\355\342"
 930      E406A0E0 
 930      3E1F2A79 
 930      C7DB6837 
 930      19EDE2
 931 04cd 467BD0A8 		.ascii	"F{\320\250D\211GG\027\025X\342\365@\352\027\035<\251"
 931      44894747 
 931      171558E2 
 931      F540EA17 
 931      1D3CA9
 932 04e0 984714FB 		.ascii	"\230G\024\373\356\361\235\212\226e\203M\313\251\351"
 932      EEF19D8A 
 932      9665834D 
 932      CBA9E9
ARM GAS  /tmp/ccSn7yc7.s 			page 37


 933 04ef 1D141B0B 		.ascii	"\035\024\033\013J\361\341\363nk:\244\321\006b+U8\231"
 933      4AF1E1F3 
 933      6E6B3AA4 
 933      D106622B 
 933      553899
 934 0502 EB3F36B4 		.ascii	"\353?6\264bj\224\002\321\271\017\351\000\275,_\372\360"
 934      626A9402 
 934      D1B90FE9 
 934      00BD2C5F 
 934      FAF0
 935 0514 256D7C65 		.ascii	"%m|e\007\316)|\346\325\003=\012<`\223\257\226\364i\003"
 935      07CE297C 
 935      E6D5033D 
 935      0A3C6093 
 935      AF96F469 
 936 0529 1239832F 		.ascii	"\0229\203/\271\307<\021X`H\367\331\244\344\376;\233"
 936      B9C73C11 
 936      586048F7 
 936      D9A4E4FE 
 936      3B9B
 937 053b 871E36FD 		.ascii	"\207\0366\375\234MUjW\273\215\263\251y\364\304\016\003"
 937      9C4D556A 
 937      57BB8DB3 
 937      A979F4C4 
 937      0E03
 938 054d 82CD8837 		.ascii	"\202\315\2107\033\243/\233R7g\323%\330\034q\353lh}\031"
 938      1BA32F9B 
 938      523767D3 
 938      25D81C71 
 938      EB6C687D 
 939 0562 79AA2A53 		.ascii	"y\252*S\257\236Gb\365\024df\013@\014\307\344\367~~\312"
 939      AF9E4762 
 939      F5146466 
 939      0B400CC7 
 939      E4F77E7E 
 940 0577 24E28385 		.ascii	"$\342\203\205\341W\357\265q\225\326F\014\033\364\204"
 940      E157EFB5 
 940      7195D646 
 940      0C1BF484 
 941 0587 36E83D48 		.ascii	"6\350=H\357\251k\023K0\2066\240\201\207W\201\033\220"
 941      EFA96B13 
 941      4B308636 
 941      A0818757 
 941      811B90
 942 059a 6090EF10 		.ascii	"`\220\357\020\350\004\035>k$\275\320T\271/y\221\376"
 942      E8041D3E 
 942      6B24BDD0 
 942      54B92F79 
 942      91FE
 943 05ac D2CCF1B4 		.ascii	"\322\314\361\264\344;\357}7\217\027\201\257E\0218s\270"
 943      E43BEF7D 
 943      378F1781 
 943      AF451138 
 943      73B8
 944 05be FD70A0B7 		.ascii	"\375p\240\267\033\217u7\206t7\206\205\033\363\271\225"
 944      1B8F7537 
 944      86743786 
ARM GAS  /tmp/ccSn7yc7.s 			page 38


 944      851BF3B9 
 944      95
 945 05cf 9EC1EAAB 		.ascii	"\236\301\352\253\006\315\015r\344\211\267#\227\311\221"
 945      06CD0D72 
 945      E489B723 
 945      97C991
 946 05de F98C48A7 		.ascii	"\371\214H\247F\004\035\271S7*\034\231\317\326\027g\316"
 946      46041DB9 
 946      53372A1C 
 946      99CFD617 
 946      67CE
 947 05f0 0EC73AF1 		.ascii	"\016\307:\361g\356\235FQ\012\323\276\270\313\223\366"
 947      67EE9D46 
 947      510AD3BE 
 947      B8CB93F6 
 948 0600 3C2B7F55 		.ascii	"<+\177U\327*\312\035b\310\233\277F\300Sfa\253b\361\366"
 948      D72ACA1D 
 948      62C89BBF 
 948      46C05366 
 948      61AB62F1 
 949 0615 5C6605BB 		.ascii	"\\f\005\273X\341\225\261\272\376\362$Q0N\355\3633?\237"
 949      58E195B1 
 949      BAFEF224 
 949      51304EED 
 949      F3333F9F 
 950 0629 6311E33B 		.ascii	"c\021\343;S\2554F,_I\332\030l\2464\007c\265\251y\012"
 950      53AD3446 
 950      2C5F49DA 
 950      186CA634 
 950      0763B5A9 
 951 063f B328EB4C 		.ascii	"\263(\353L\267\307\267/#\312\346\257\334N$m\365q\272"
 951      B7C7B72F 
 951      23CAE6AF 
 951      DC4E246D 
 951      F571BA
 952 0652 AF3ECFE8 		.ascii	"\257>\317\350\341\331,x\232\246\346\371\\/\320\331N"
 952      E1D92C78 
 952      9AA6E6F9 
 952      5C2FD0D9 
 952      4E
 953 0663 0E30738C 		.ascii	"\0160s\214~\3045\202\001\206\265\012-\210YP\215\216"
 953      7EC43582 
 953      0186B50A 
 953      2D885950 
 953      8D8E
 954 0675 AAC7765D 		.ascii	"\252\307v]1s\035'\274\340:\237ed\213\221\027\240\036"
 954      31731D27 
 954      BCE03A9F 
 954      65648B91 
 954      17A01E
 955 0688 2A9DDEDA 		.ascii	"*\235\336\332\252\255e\200\021o\377\353\311\377\005"
 955      AAAD6580 
 955      116FFFEB 
 955      C9FF05
 956 0697 8CFB800F 		.ascii	"\214\373\200\017\367^+\267`\235\232\373\250\316]\233"
 956      F75E2BB7 
 956      609D9AFB 
ARM GAS  /tmp/ccSn7yc7.s 			page 39


 956      A8CE5D9B 
 957 06a7 141BC754 		.ascii	"\024\033\307T\273\013\252E^Y`l\002w;\252\371\223]\210"
 957      BB0BAA45 
 957      5E59606C 
 957      02773BAA 
 957      F9935D88 
 958 06bb 1DDEFB92 		.ascii	"\035\336\373\222\021\367\245qo\262\265Dv!\337\1775\262"
 958      11F7A571 
 958      6FB2B544 
 958      7621DF7F 
 958      35B2
 959 06cd 2C1BDB64 		.ascii	",\033\333da\001\3417\363/<p\362\032\033\014n=9mO/=\262"
 959      6101E137 
 959      F32F3C70 
 959      F21A1B0C 
 959      6E3D396D 
 960 06e5 7992B3FE 		.ascii	"y\222\263\376\262'9\007A\263\216\360\262\234\252d\216"
 960      B2273907 
 960      41B38EF0 
 960      B29CAA64 
 960      8E
 961 06f6 0E0355E6 		.ascii	"\016\003U\346\211i\367\232cY\3424\3460;nO\3146}\227"
 961      8969F79A 
 961      6359E234 
 961      E6303B6E 
 961      4FCC367D 
 962 070b 51246216 		.ascii	"Q$b\026\200iKQ\305\227\307t\357\342\330\3739\036oXz"
 962      80694B51 
 962      C597C774 
 962      EFE2D8FB 
 962      391E6F58 
 963 0720 C75162CD 		.ascii	"\307Qb\315A\346\326\373\207\330\200\266\037\312\\+q"
 963      41E6D6FB 
 963      87D880B6 
 963      1FCA5C2B 
 963      71
 964 0731 CC80C916 		.ascii	"\314\200\311\026\303\353l\320\2623\336\213A\313m\307"
 964      C3EB6CD0 
 964      B233DE8B 
 964      41CB6DC7 
 965 0741 D413952A 		.ascii	"\324\023\225*\353uL\260\014D\214g\022\232\205\231x\354"
 965      EB754CB0 
 965      0C448C67 
 965      129A8599 
 965      78EC
 966 0753 F04D9106 		.ascii	"\360M\221\006\0329\236WP\317\310\350\256\006Y\204\304"
 966      1A399E57 
 966      50CFC8E8 
 966      AE065984 
 966      C4
 967 0764 B886B767 		.ascii	"\270\206\267g\213\3103|?\313\"\241\233\366\027e\256"
 967      8BC8337C 
 967      3FCB22A1 
 967      9BF61765 
 967      AE
 968 0775 65E896C3 		.ascii	"e\350\226\303S\242=n\361\362\334w&\317\313\255\"a\334"
 968      53A23D6E 
ARM GAS  /tmp/ccSn7yc7.s 			page 40


 968      F1F2DC77 
 968      26CFCBAD 
 968      2261DC
 969 0788 3975794E 		.ascii	"9uyN\223'\034n\2028$\253\352H\005\360\303M\010l\222"
 969      93271C6E 
 969      823824AB 
 969      EA4805F0 
 969      C34D086C 
 970 079d 45FA0D8B 		.ascii	"E\372\015\213\303\315b\324c\256\353\224[\210\307b\276"
 970      C3CD62D4 
 970      63AEEB94 
 970      5B88C762 
 970      BE
 971 07ae 0E7C78DC 		.ascii	"\016|x\334\022\220\340\251y\244\353\341\355\025\304"
 971      1290E0A9 
 971      79A4EBE1 
 971      ED15C4
 972 07bd 4338A627 		.ascii	"C8\246'7w\310\253\276\312\260\031\311\370\354\005!\236"
 972      3777C8AB 
 972      BECAB019 
 972      C9F8EC05 
 972      219E
 973 07cf 0A       		.ascii	"\012"
 974 07d0 331BC316 		.ascii	"3\033\303\026p\373+\327\002:\372<\315n\266\013`\336"
 974      70FB2BD7 
 974      023AFA3C 
 974      CD6EB60B 
 974      60DE
 975 07e2 1040861C 		.ascii	"\020@\206\034e<{$\014c\030\350\273C<\366\232\224\274"
 975      653C7B24 
 975      0C6318E8 
 975      BB433CF6 
 975      9A94BC
 976 07f5 4C6D5B4B 		.ascii	"Lm[K@w\274?\301\215\020\004\231\362D\217\023X~;'L\012"
 976      4077BC3F 
 976      C18D1004 
 976      99F2448F 
 976      13587E3B 
 977 080c EB9AC1F7 		.ascii	"\353\232\301\367\327I\203\021:u0\262\374\202\021\206"
 977      D7498311 
 977      3A7530B2 
 977      FC821186 
 978 081c 18B6B3F8 		.ascii	"\030\266\263\370x\036\346\361|\006\322u\334\376\326"
 978      781EE6F1 
 978      7C06D275 
 978      DCFED6
 979 082b 35133905 		.ascii	"5\0239\005\3569\352\212EZA\276~\272'\365s\0112\365\376"
 979      EE39EA8A 
 979      455A41BE 
 979      7EBA27F5 
 979      730932F5 
 980 0840 FC374234 		.ascii	"\3747B4d\373\371\271\204\371\031<\231\2373\371\232j"
 980      64FBF9B9 
 980      84F9193C 
 980      999F33F9 
 980      9A6A
 981 0852 C8D38B7F 		.ascii	"\310\323\213\177\233Np&\025\330\246\376\202\000^\021"
ARM GAS  /tmp/ccSn7yc7.s 			page 41


 981      9B4E7026 
 981      15D8A6FE 
 981      82005E11 
 982 0862 02214716 		.ascii	"\002!G\026|\221\347\014'&\366\222\240\027\234l\210/"
 982      7C91E70C 
 982      2726F692 
 982      A0179C6C 
 982      882F
 983 0874 D9230D1E 		.ascii	"\331#\015\036\262\237ehd\023\321\244oIc\024\022\031"
 983      B29F6568 
 983      6413D1A4 
 983      6F496314 
 983      1219
 984 0886 BB505F0B 		.ascii	"\273P_\013G\033\006\025\375S\342\304\244\346\226\222"
 984      471B0615 
 984      FD53E2C4 
 984      A4E69692 
 985 0896 B9113F73 		.ascii	"\271\021?sK\231\271\260\311\234\215\346g\212\006}R\261"
 985      4B99B9B0 
 985      C99C8DE6 
 985      678A067D 
 985      52B1
 986 08a8 4069552B 		.ascii	"@iU+\034\273i-\342Y\255=\247\310\374\322\207\265-\262"
 986      1CBB692D 
 986      E259AD3D 
 986      A7C8FCD2 
 986      87B52DB2 
 987 08bc 7E58DB8A 		.ascii	"~X\333\212\023\217\206\370y\301+\242w\364\210\322\177"
 987      138F86F8 
 987      79C12BA2 
 987      77F488D2 
 987      7F
 988 08cd 33A5EAB9 		.ascii	"3\245\352\271\335&\036Q'l\323\"\212c'\206\334\376\247"
 988      DD261E51 
 988      276CD322 
 988      8A632786 
 988      DCFEA7
 989 08e0 0BF7E8A5 		.ascii	"\013\367\350\245\2419'(\321\303o4\326\306\352\001\351"
 989      A1392728 
 989      D1C36F34 
 989      D6C6EA01 
 989      E9
 990 08f1 F68AC1B1 		.ascii	"\366\212\301\261\214[\202u\004RF\233\225\027\213\012"
 990      8C5B8275 
 990      0452469B 
 990      95178B0A 
 991 0901 C569CC04 		.ascii	"\305i\314\004\271|\275\217f\0249\270R$*A\254\250tEv"
 991      B97CBD8F 
 991      661439B8 
 991      52242A41 
 991      ACA87445 
 992 0916 FE721A03 		.ascii	"\376r\032\003Gr\177o\275\274\277\333=\376\356`\376N"
 992      47727F6F 
 992      BDBCBFDB 
 992      3DFEEE60 
 992      FE4E
 993 0928 63F18EF0 		.ascii	"c\361\216\360=|\272\033\336f3\322.\016\237\245\215y"
ARM GAS  /tmp/ccSn7yc7.s 			page 42


 993      3D7CBA1B 
 993      DE6633D2 
 993      2E0E9FA5 
 993      8D79
 994 093a FFD75178 		.ascii	"\377\327Qx\247g\264<\034M?\206\227i\366h\354H\337\217"
 994      A767B43C 
 994      1C4D3F86 
 994      9769F668 
 994      EC48DF8F 
 995 094e D3CAC6B7 		.ascii	"\323\312\306\267\375\277#_\231z\315\356\232XH_\345\020"
 995      FDBF235F 
 995      997ACDEE 
 995      9A58485F 
 995      E510
 996 0960 FD0C62C5 		.ascii	"\375\014b\3053\210K\236\360\225\270\002\365|\013\351"
 996      33884B9E 
 996      F095B802 
 996      F57C0BE9 
 997 0970 594AB315 		.ascii	"YJ\263\025<\315t\032i\255\315q\034\020E\177m\365\036"
 997      3CCD741A 
 997      69ADCD71 
 997      1C10457F 
 997      6DF51E
 998 0983 3A6D4938 		.ascii	":mI8F\234\221\204\235>\212\011B_=\371r\002\251\217f"
 998      469C9184 
 998      9D3E8A09 
 998      425F3DF9 
 998      7202A98F 
 999 0998 6A956625 		.ascii	"j\225f%B<\306\233Hs%?\021z\214\0274/\344\312\257\275"
 999      423CC69B 
 999      4873253F 
 999      117A8C17 
 999      342FE4CA 
 1000 09ae 54440B3C 		.ascii	"TD\013<\021-\234\350\364t4B#\260\234\200\227\236\244"
 1000      112D9CE8 
 1000      F4743442 
 1000      23B09C80 
 1000      979EA4
 1001 09c1 DD1E9345 		.ascii	"\335\036\223E,%\246S\354\333\301\353\233\277{\260\263"
 1001      2C25A653 
 1001      ECDBC1EB 
 1001      9BBF7BB0 
 1001      B3
 1002 09d2 DDBEBC52 		.ascii	"\335\276\274R\315\002\366\311\277G^.\365\343\331\243"
 1002      CD02F6C9 
 1002      BF475E2E 
 1002      F5E3D9A3 
 1003 09e2 B33144CC 		.ascii	"\2631D\314\"\375\343\000\236\177\034$)!.>\376O\177X"
 1003      22FDE300 
 1003      9E7F1C24 
 1003      29212E3E 
 1003      FE4F7F58 
 1004 09f6 92F0C7C4 		.ascii	"\222\360\307\304E\033W\245|\274\372\243\244\325\033"
 1004      451B57A5 
 1004      7CBCFAA3 
 1004      A4D51B
 1005 0a05 9256AD4F 		.ascii	"\222V\255O\336\360\301\372\367\2237\254^\033\237\362"
ARM GAS  /tmp/ccSn7yc7.s 			page 43


 1005      DEF0C1FA 
 1005      F79337AC 
 1005      5E1B9FF2 
 1006 0a15 F7948F93 		.ascii	"\367\224\217\223\327\255z/iIB2\352\304\255\221\314\253"
 1006      D7AD7A2F 
 1006      69494232 
 1006      EAC4AD91 
 1006      CCAB
 1007 0a27 DFFFEBAA 		.ascii	"\337\377\353\252\344\215\353\243\374\272\342\226%\374"
 1007      E48DEBA3 
 1007      FCBAE296 
 1007      25FC
 1008 0a35 66F99AA4 		.ascii	"f\371\232\2447\336\220L\353\327\256]\274\356]\323\372"
 1008      37DE904C 
 1008      EBD7AE5D 
 1008      BCEE5DD3 
 1008      FA
 1009 0a46 0DC9499F 		.ascii	"\015\311I\237,\346\267E\3465k?$\240\362A\322F\323\232"
 1009      2CE6B745 
 1009      E6356B3F 
 1009      24A0F241 
 1009      D246D39A 
 1010 0a5a 0F57A56C 		.ascii	"\017W\245lXcD\275u\357Zy\177J\362Z+>\343\003\266\310"
 1010      586344BD 
 1010      75EF5A79 
 1010      7F4AF25A 
 1010      2B3EE303 
 1011 0a70 02DE9494 		.ascii	"\002\336\224\224\277\245\004i\037\267 +\006\372\317"
 1011      BFA50469 
 1011      1FB7202B 
 1011      06FACF
 1012 0a7f F83F9E7A 		.ascii	"\370?\236zAV"
 1012      4156
 1013              		.text
 1014              		.section	.gnu.lto_.symbol_nodes.59b78eef671de5b6,"e",%progbits
 1015 0000 789CE360 		.ascii	"x\234\343``d\350d\000\002\246\231\214\365\014wzy\031"
 1015      6064E864 
 1015      0002A699 
 1015      8CF50C77 
 1015      7A7919
 1016 0013 279C6360 		.ascii	"'\234c`\250g`\330\331p\260\201\015(\011\222\232\316"
 1016      A86760D8 
 1016      D970B081 
 1016      0D280992 
 1016      9ACE
 1017 0025 58CFF8FE 		.ascii	"X\317\370\376\327\012\013\230\334\256\006G\250\314,"
 1017      D70A0B98 
 1017      DCAE0647 
 1017      A8CC2C
 1018 0034 C67AA606 		.ascii	"\306z\246\006 `\301\220b\235\306\310\320\250\004d0\316"
 1018      2060C190 
 1018      629DC6C8 
 1018      D0A80464 
 1018      30CE
 1019 0046 66AC67FE 		.ascii	"f\254g\376\017\005\362`u\014\014\015\015\016\014\014"
 1019      0F05F260 
 1019      750C0C0D 
ARM GAS  /tmp/ccSn7yc7.s 			page 44


 1019      0D0E0C0C 
 1020 0056 CC8C0C1F 		.ascii	"\314\214\014\037A\2466%13\262\200YG\222\030\000\252"
 1020      41A63625 
 1020      3133B280 
 1020      59479218 
 1020      00AA
 1021 0068 4029FE   		.ascii	"@)\376"
 1022              		.text
 1023              		.section	.gnu.lto_.refs.59b78eef671de5b6,"e",%progbits
 1024 0000 789CE360 		.ascii	"x\234\343``d\220e```gbd\346gd\026fd\376\304\300\310"
 1024      60649065 
 1024      60606067 
 1024      6264E667 
 1024      64166664 
 1025 0018 FC1388FF 		.ascii	"\374\023\210\377000w022w12\000\000;\272\004h"
 1025      30303077 
 1025      30323277 
 1025      31320000 
 1025      3BBA0468 
 1026              		.text
 1027              		.section	.gnu.lto_.decls.59b78eef671de5b6,"e",%progbits
 1028 0000 789C9554 		.ascii	"x\234\225T[p\223E\024\336\363oJJ\332Z\210\324:\246\017"
 1028      5B709345 
 1028      14DEF36F 
 1028      4A4ADA5A 
 1028      88D43AA6 
 1029 0015 9D0A8333 		.ascii	"\235\012\2033J\3236Z\352\214\017\314T\007y\361\305\341"
 1029      4AD3365A 
 1029      EA8C0FCC 
 1029      540779F1 
 1029      C5E1
 1030 0027 C5974C4C 		.ascii	"\305\227LL\"\0156i'\371{\361m\333*\027\2312u\224\321"
 1030      220D3669 
 1030      27F97BF1 
 1030      6DDB2A17 
 1030      99327594 
 1031 003c A922BDF0 		.ascii	"\251\"\275\360P\300\"j\035\321\026\010\351%-R{\241\227"
 1031      50C0226A 
 1031      1DD11608 
 1031      E9252D52 
 1031      7BA197
 1032 004f 50A04D2F 		.ascii	"P\240M/\202\242\242#\240\005\244xv\367o\372\247\310"
 1032      82A2A223 
 1032      A005A478 
 1032      76F76FFA 
 1032      A7C8
 1033 0061 A89B9CFC 		.ascii	"\250\233\234\374{\316\236\363\355\267\337\236?\211\004"
 1033      7BCE9EF3 
 1033      EDB7DF9E 
 1033      3F8904
 1034 0070 C8EA1584 		.ascii	"\310\352\025\204l\007B\236B\273\207\303@\010\031BC\227"
 1034      6C07429E 
 1034      42BB87C3 
 1034      40081942 
 1034      4397
 1035 0082 AC2772F0 		.ascii	"\254'r\360X\010\255\013\255G\267>B\342\307[\0304\342"
 1035      5808AD0B 
ARM GAS  /tmp/ccSn7yc7.s 			page 45


 1035      AD47B73E 
 1035      42E2C75B 
 1035      1834E2
 1036 0095 B308CD8C 		.ascii	"\263\010\315\214\266\006\255_\303\031C\033\325\362@"
 1036      B606AD5F 
 1036      C319431B 
 1036      D5F240
 1037 00a4 C35B3E76 		.ascii	"\303[>v\343\202iY\375\250\256~\034\3554Z\004mP\307\215"
 1037      E3826959 
 1037      FDA8AE7E 
 1037      1CED345A 
 1037      046D50C7 
 1038 00b9 F39AD030 		.ascii	"\363\232\3200\207\376\001\267\026q\223\227\341\316\352"
 1038      87FE01B7 
 1038      16719397 
 1038      E1CEEA
 1039 00c8 B865E8F8 		.ascii	"\270e\350\370\275\2026\2076\243\343\332\363\200\363"
 1039      BD823687 
 1039      36A3E3DA 
 1039      F380F3
 1040 00d7 BE4FE1E8 		.ascii	"\276O\341\350\334\227\333\247a\012\024\236\002\012\020"
 1040      DC97DBA7 
 1040      610A149E 
 1040      020A10
 1041 00e6 FEE13F20 		.ascii	"\376\341? \213\201\177yD\223W\014\340C\344)Z:O\2201"
 1041      8B817F79 
 1041      4493570C 
 1041      E043E429 
 1041      5A3A4F90 
 1042 00fb F958FC91 		.ascii	"\371X\374\2211ECQ\0269\311\032\211.\\\035\264\\\007"
 1042      31454351 
 1042      1639C91A 
 1042      892E5C1D 
 1042      B45C07
 1043 010e 6D7D1144 		.ascii	"m}\021D\026HVK\205ZH\321\266\323W\300}\214\227\000I"
 1043      1648564B 
 1043      855A48D1 
 1043      B6D357C0 
 1043      7D8C9700 
 1044 0123 0C542343 		.ascii	"\014T#C &\310\356\360\221\343\206\031\210V1\306\242"
 1044      2026C8EE 
 1044      F091E386 
 1044      19885631 
 1044      C6A2
 1045 0135 A5905697 		.ascii	"\245\220V\227\211\213\030\377\275\372\360\241\004\272"
 1045      898B18FF 
 1045      BDFAF0A1 
 1045      04BA
 1046 0143 56CC171A 		.ascii	"V\314\027\032n\016'\322\347\304\274n\"xU\261\26629\022"
 1046      6E0E27D2 
 1046      E7C4BC6E 
 1046      227855B1 
 1046      B6323912 
 1047 0157 27298113 		.ascii	"')\201\023@\005ZE\022O\330\321]\327\236\262\227\202"
 1047      40055A45 
 1047      124FD8D1 
 1047      5DD79EB2 
ARM GAS  /tmp/ccSn7yc7.s 			page 46


 1047      9782
 1048 0169 D9040ABA 		.ascii	"\331\004\012\272\215\243\203\325\200\356\032\023\254"
 1048      8DA383D5 
 1048      80EE1A13 
 1048      AC
 1049 0176 42775F53 		.ascii	"Bw_S\327\310\312\364}\274\266\256\206\255R\240\350\021"
 1049      D7C8CAF4 
 1049      7DBCB6AE 
 1049      86AD52A0 
 1049      E811
 1050 0188 0882054E 		.ascii	"\010\202\005N\201\005Y\235\206t\002e\006\311\354\275"
 1050      8105599D 
 1050      86740265 
 1050      06C9ECBD 
 1051 0198 50EB0709 		.ascii	"P\353\007\011Y\015,\030e\301\251\303k'\233w\326\262"
 1051      590D2C18 
 1051      65C1A9C3 
 1051      6B279B77 
 1051      D6B2
 1052 01aa 06D8C493 		.ascii	"\006\330\304\223\240\003(\234\004\2538\017\316\011\264"
 1052      A003289C 
 1052      04AB380F 
 1052      CE09B4
 1053 01b9 C30CC037 		.ascii	"\303\014\30070\015\025-\350\205 \013\001>\017\335\331"
 1053      300D152D 
 1053      E885200B 
 1053      013E0FDD 
 1053      D9
 1054 01ca 65A03D20 		.ascii	"e\240= x7G:o$#Z\024\321\026>N\256g\301j\344\240\010"
 1054      7837473A 
 1054      6F24235A 
 1054      14D1163E 
 1054      4EAE67C1 
 1055 01e2 B44E1D5A 		.ascii	"\264N\035Zg<Z\004\275.\201v\364\366\361\005\003\035"
 1055      673C5A04 
 1055      BD2E8176 
 1055      F4F6F105 
 1055      031D
 1056 01f4 9268D1AA 		.ascii	"\222h\321\252K\277Q\015m\370\016\215C\353\326\241u\307"
 1056      4BBF510D 
 1056      6DF80E8D 
 1056      43EBD6A1 
 1056      75C7
 1057 0206 A35DC3AB 		.ascii	"\243]\303\253\350\021h;;\006.RzE\242u\354\270{\322\210"
 1057      E811683B 
 1057      3B062E52 
 1057      7A45A275 
 1057      ECB87BD2 
 1058 021b 1AAD3701 		.ascii	"\032\2557\001\277\274T\014\205\177\375e\004d\210g\034"
 1058      BFBC540C 
 1058      857FFD65 
 1058      04648867 
 1058      1C
 1059 022c 3AF84ED3 		.ascii	":\370N\323\012zW\246OV\357\237O\226\012\033\270Ng\332"
 1059      0A7A57A6 
 1059      4F56EF9F 
 1059      4F960A1B 
ARM GAS  /tmp/ccSn7yc7.s 			page 47


 1059      B84E67DA 
 1060 0240 FA4C52E1 		.ascii	"\372LR\341Lt\353\243G\032\223M\273\030\253f\0155l\345"
 1060      4C74EBA3 
 1060      471A934D 
 1060      BB18AB66 
 1060      0D356CE5 
 1061 0254 8B04CEA2 		.ascii	"\213\004\316\242\276\337\242\276p\006\004 \222\203>"
 1061      BEDFA2BE 
 1061      70060420 
 1061      92833E
 1062 0263 8CF5620C 		.ascii	"\214\365b\014\013.O\356\275\220`\300^\205~0q\3651\326"
 1062      0B2E4FEE 
 1062      BD9060C0 
 1062      5E857E30 
 1062      71F531D6 
 1063 0277 36311554 		.ascii	"61\025Tb\261\357@\004\253\346\367\334\246\017\274\273"
 1063      62B1EF40 
 1063      04ABE6F7 
 1063      DCA60FBC 
 1063      BB
 1064 0288 417E7703 		.ascii	"A~w\003\240]\336\255\237\307B\012\027\210\261\340\365"
 1064      A05DDEAD 
 1064      9FC7420A 
 1064      1788B1E0 
 1064      F5
 1065 0299 DEA7EBDB 		.ascii	"\336\247\353\333\330\233\011<\005\302:u\302Z\343\300"
 1065      D89B093C 
 1065      05C23A75 
 1065      C25AE3C0 
 1066 02a9 90D0E446 		.ascii	"\220\320\344FS\363\264\"\317\314\016_\035\3450\307\016"
 1066      53F3B422 
 1066      CFCC0E5F 
 1066      1DE530C7 
 1066      0E
 1067 02ba 7EFF383D 		.ascii	"~\3778=\245\210c\237\255\252?o\\\327\314\242!\336\017"
 1067      A588639F 
 1067      ADAA3F6F 
 1067      5CD7CCA2 
 1067      21DE0F
 1068 02cd 4FEC6FFB 		.ascii	"O\354o\373\2011\263\340wNb\306\016JDd\030,\025\227Q"
 1068      8131B3E0 
 1068      774E62C6 
 1068      0E4A4464 
 1068      182C1597 
 1069 02e2 F0115887 		.ascii	"\360\021X\207\325}\177u\207\205,5\377Q\226\217\366|"
 1069      D57D7F75 
 1069      87852C35 
 1069      FF51968F 
 1069      F67C
 1070 02f4 D69B94FC 		.ascii	"\326\233\224\374vLG\030\305\235\226v\030\003\376\017"
 1070      764C4718 
 1070      C59D9676 
 1070      1803FE0F 
 1071 0304 C51F983B 		.ascii	"\305\037\230;\333}\355z\212>\227\367\301R\356\270\314"
 1071      DB7DED7A 
 1071      8A3E97F7 
 1071      C152EEB8 
ARM GAS  /tmp/ccSn7yc7.s 			page 48


 1071      CC
 1072 0315 1D17B90D 		.ascii	"\035\027\271\015\237\266\2360\352s\007\343r#27\"q\277"
 1072      9FB69E30 
 1072      EA7307E3 
 1072      72233237 
 1072      2271BF
 1073 0328 9E9AA174 		.ascii	"\236\232\241t@\236\277\343\307\376\257L\332\373\360"
 1073      409EBFE3 
 1073      C7FEAF4C 
 1073      DAFBF0
 1074 0337 C7278F35 		.ascii	"\307'\2175\326\260\026\274\210L\261\327\371\230\252"
 1074      D6B016BC 
 1074      884CB1D7 
 1074      F998AA
 1075 0346 300159DC 		.ascii	"0\001Y\334\325\267\335 \025a\304\010\036{\367\234Q\266"
 1075      D5B7DD20 
 1075      1561C408 
 1075      1E7BF79C 
 1075      51B6
 1076 0358 0EEFB2C6 		.ascii	"\016\357\262\306\310\315\211\207\270(L\343b\326\037"
 1076      C8CD8987 
 1076      B8284CE3 
 1076      62D61F
 1077 0367 F1229808 		.ascii	"\361\"\230\010X-pA\012\262\370&\233\345\233\334z\357"
 1077      582D7041 
 1077      0AB2F826 
 1077      9BE59BDC 
 1077      7AEF
 1078 0379 CA87A9B2 		.ascii	"\312\207\251\262\355\030p\350h\355-\212~\00661\350:"
 1078      ED1870E8 
 1078      68ED2D8A 
 1078      7E063631 
 1078      E83A
 1079 038b 3843EBE0 		.ascii	"8C\353\340\003-])tV\036\345\247\201\340\027I\262GY3"
 1079      032D5D29 
 1079      74561EE5 
 1079      A781E017 
 1079      49B24759 
 1080 03a0 A38F12B0 		.ascii	"\243\217\022\260Y \007\257b\032D\001\277\212(\362\230"
 1080      592007AF 
 1080      621A4401 
 1080      BF8A28F2 
 1080      98
 1081 03b1 923BCF1F 		.ascii	"\222;\317\037h\357L5\327\211\306cl\023\340\301L0\211"
 1081      68EF4C35 
 1081      D789C663 
 1081      6C13E0C1 
 1081      4C3089
 1082 03c4 EB9704CF 		.ascii	"\353\227\004\317Y0K\262r\316\377\203\376\014\233\365"
 1082      59304BB2 
 1082      72CEFF83 
 1082      FE0C9BF5 
 1083 03d4 12F7C75D 		.ascii	"\022\367\307]\335\234\224\230?hn>Y\355\360{\313\013"
 1083      DD9C9498 
 1083      3F686E3E 
 1083      59EDF07B 
 1083      CB0B
ARM GAS  /tmp/ccSn7yc7.s 			page 49


 1084 03e6 3678B3BD 		.ascii	"6x\263\275\016\217\357IW\240\224$9K\374\252\273r\203"
 1084      0E8FEF49 
 1084      57A09424 
 1084      394BFCAA 
 1084      BB7283
 1085 03f9 D76623E9 		.ascii	"\327f#\351\2017\002\252\333kw\026\2278_\267\347\026"
 1085      813702AA 
 1085      DB6B7716 
 1085      97385FB7 
 1085      E716
 1086 040b E478ED45 		.ascii	"\344x\355E\225\252\24387\333j\335\374\274-\357\205g"
 1086      95AAA338 
 1086      37DB6ADD 
 1086      FCBC2DEF 
 1086      8567
 1087 041d 722AED01 		.ascii	"r*\355\001\325\341s9\374.{\251\333\357)-r\373\035\305"
 1087      D5E17339 
 1087      FC2E7BA9 
 1087      DBEF292D 
 1087      72FB1DC5 
 1088 0431 56AD6E9B 		.ascii	"V\255n\233\313\226\347\306\234lg\342\346\227\266f\026"
 1088      CB96E7C6 
 1088      9C6C67E2 
 1088      E697B666 
 1088      16
 1089 0442 E66E2496 		.ascii	"\346n$\226\373\226\262\013\3626>\353t\345\347\223\274"
 1089      FB96B20B 
 1089      F2363EEB 
 1089      74E5E793 
 1089      BC
 1090 0453 FF0D4B4C 		.ascii	"\377\015KL/\213\320\026\237GM\223\323\302\022\277\273"
 1090      2F8BD016 
 1090      9F474D93 
 1090      D3C212BF 
 1090      BB
 1091 0464 90F3DD5A 		.ascii	"\220\363\335Z\352r\250\3564_\271\307i/w;\325\022\277"
 1091      EA72A8EE 
 1091      345FB9C7 
 1091      692F773B 
 1091      D512BF
 1092 0477 5D75BC5A 		.ascii	"]u\274Z\354\266\007\334jb\231\307\247\332\362\354j\301"
 1092      ECB607DC 
 1092      6A6299C7 
 1092      A7DAF2EC 
 1092      6AC1
 1093 0489 BF6DB9C5 		.ascii	"\277m\271\305\347,.s\271\255\213{\332\275\236\2003\273"
 1093      E72C2E73 
 1093      B9AD8B7B 
 1093      DABD9E80 
 1093      33BB
 1094 049b 88A42EDB 		.ascii	"\210\244.\333\355\3418\251\234%\276\327<\333\214|\227"
 1094      EDE138A9 
 1094      9C25BED7 
 1094      3CDB8C7C 
 1094      97
 1095 04ac 02BBFA37 		.ascii	"\002\273\3727V\350J@"
 1095      56E84A40 
ARM GAS  /tmp/ccSn7yc7.s 			page 50


 1096              		.text
 1097              		.section	.gnu.lto_.symtab.59b78eef671de5b6,"e",%progbits
 1098 0000 53797374 		.ascii	"SystemInit\000"
 1098      656D496E 
 1098      697400
 1099 000b 00       		.ascii	"\000"
 1100 000c 00       		.ascii	"\000"
 1101 000d 00       		.ascii	"\000"
 1102 000e 00000000 		.ascii	"\000\000\000\000\000\000\000\000"
 1102      00000000 
 1103 0016 C4000000 		.ascii	"\304\000\000\000"
 1104 001a 53797374 		.ascii	"SystemCoreClockUpdate\000"
 1104      656D436F 
 1104      7265436C 
 1104      6F636B55 
 1104      70646174 
 1105 0030 00       		.ascii	"\000"
 1106 0031 00       		.ascii	"\000"
 1107 0032 00       		.ascii	"\000"
 1108 0033 00000000 		.ascii	"\000\000\000\000\000\000\000\000"
 1108      00000000 
 1109 003b C6000000 		.ascii	"\306\000\000\000"
 1110 003f 53797374 		.ascii	"SystemCoreClock\000"
 1110      656D436F 
 1110      7265436C 
 1110      6F636B00 
 1111 004f 00       		.ascii	"\000"
 1112 0050 00       		.ascii	"\000"
 1113 0051 00       		.ascii	"\000"
 1114 0052 00000000 		.ascii	"\000\000\000\000\000\000\000\000"
 1114      00000000 
 1115 005a D4000000 		.ascii	"\324\000\000\000"
 1116 005e 6E766963 		.ascii	"nvic_vector_table_set\000"
 1116      5F766563 
 1116      746F725F 
 1116      7461626C 
 1116      655F7365 
 1117 0074 00       		.ascii	"\000"
 1118 0075 02       		.ascii	"\002"
 1119 0076 00       		.ascii	"\000"
 1120 0077 00000000 		.ascii	"\000\000\000\000\000\000\000\000"
 1120      00000000 
 1121 007f D1000000 		.ascii	"\321\000\000\000"
 1122              		.text
 1123              		.section	.gnu.lto_.opts,"e",%progbits
 1124 0000 272D666E 		.ascii	"'-fno-openmp' '-fno-openacc' '-fno-pie' '-mcpu=cort"
 1124      6F2D6F70 
 1124      656E6D70 
 1124      2720272D 
 1124      666E6F2D 
 1125 0033 65782D6D 		.ascii	"ex-m33' '-mthumb' '-mfloat-abi=soft' '-march=armv8-"
 1125      33332720 
 1125      272D6D74 
 1125      68756D62 
 1125      2720272D 
 1126 0066 6D2E6D61 		.ascii	"m.main+dsp' '-O2' '-fomit-frame-pointer' '-falign-f"
 1126      696E2B64 
ARM GAS  /tmp/ccSn7yc7.s 			page 51


 1126      73702720 
 1126      272D4F32 
 1126      2720272D 
 1127 0099 756E6374 		.ascii	"unctions=16' '-ffunction-sections' '-fdata-sections"
 1127      696F6E73 
 1127      3D313627 
 1127      20272D66 
 1127      66756E63 
 1128 00cc 2720272D 		.ascii	"' '-fno-common' '-flto'\000"
 1128      666E6F2D 
 1128      636F6D6D 
 1128      6F6E2720 
 1128      272D666C 
 1129              		.text
 1130              		.comm	__gnu_lto_v1,1,1
 1131              		.comm	__gnu_lto_slim,1,1
 1132              		.ident	"GCC: (GNU Arm Embedded Toolchain 9-2020-q2-update) 9.3.1 20200408 (release)"
ARM GAS  /tmp/ccSn7yc7.s 			page 52


DEFINED SYMBOLS
                            *ABS*:0000000000000000 system_gd32e50x.c
     /tmp/ccSn7yc7.s:21     .gnu.debuglto_.debug_info:0000000000000000 system_gd32e50x.c.8279cd66
                            *COM*:0000000000000001 __gnu_lto_v1
                            *COM*:0000000000000001 __gnu_lto_slim

NO UNDEFINED SYMBOLS
